{"meta": {"format": 3, "version": "7.10.7", "timestamp": "2025-10-16T15:22:15.584868", "branch_coverage": false, "show_contexts": false}, "files": {".abathur/worktrees/task-006-testing/src/abathur/__init__.py": {"executed_lines": [1, 3], "summary": {"covered_lines": 1, "num_statements": 1, "percent_covered": 100.0, "percent_covered_display": "100.00", "missing_lines": 0, "excluded_lines": 0}, "missing_lines": [], "excluded_lines": [], "functions": {"": {"executed_lines": [1, 3], "summary": {"covered_lines": 1, "num_statements": 1, "percent_covered": 100.0, "percent_covered_display": "100.00", "missing_lines": 0, "excluded_lines": 0}, "missing_lines": [], "excluded_lines": []}}, "classes": {"": {"executed_lines": [1, 3], "summary": {"covered_lines": 1, "num_statements": 1, "percent_covered": 100.0, "percent_covered_display": "100.00", "missing_lines": 0, "excluded_lines": 0}, "missing_lines": [], "excluded_lines": []}}}, ".abathur/worktrees/task-006-testing/src/abathur/application/__init__.py": {"executed_lines": [1, 3, 4, 5, 6, 7, 15, 16, 17, 18, 19, 21], "summary": {"covered_lines": 11, "num_statements": 11, "percent_covered": 100.0, "percent_covered_display": "100.00", "missing_lines": 0, "excluded_lines": 0}, "missing_lines": [], "excluded_lines": [], "functions": {"": {"executed_lines": [1, 3, 4, 5, 6, 7, 15, 16, 17, 18, 19, 21], "summary": {"covered_lines": 11, "num_statements": 11, "percent_covered": 100.0, "percent_covered_display": "100.00", "missing_lines": 0, "excluded_lines": 0}, "missing_lines": [], "excluded_lines": []}}, "classes": {"": {"executed_lines": [1, 3, 4, 5, 6, 7, 15, 16, 17, 18, 19, 21], "summary": {"covered_lines": 11, "num_statements": 11, "percent_covered": 100.0, "percent_covered_display": "100.00", "missing_lines": 0, "excluded_lines": 0}, "missing_lines": [], "excluded_lines": []}}}, ".abathur/worktrees/task-006-testing/src/abathur/application/agent_executor.py": {"executed_lines": [1, 3, 4, 5, 6, 8, 10, 11, 12, 13, 15, 18, 19, 21, 35, 36, 37, 39, 165, 228, 254], "summary": {"covered_lines": 19, "num_statements": 84, "percent_covered": 22.61904761904762, "percent_covered_display": "22.62", "missing_lines": 65, "excluded_lines": 0}, "missing_lines": [48, 50, 52, 55, 64, 65, 67, 75, 78, 79, 80, 83, 86, 88, 97, 108, 109, 112, 123, 124, 131, 140, 142, 143, 153, 154, 155, 156, 158, 186, 194, 195, 196, 197, 198, 201, 203, 204, 205, 208, 209, 210, 211, 213, 214, 219, 220, 222, 224, 226, 238, 239, 241, 242, 243, 245, 246, 249, 250, 252, 265, 268, 269, 270, 272], "excluded_lines": [], "functions": {"AgentExecutor.__init__": {"executed_lines": [35, 36, 37], "summary": {"covered_lines": 3, "num_statements": 3, "percent_covered": 100.0, "percent_covered_display": "100.00", "missing_lines": 0, "excluded_lines": 0}, "missing_lines": [], "excluded_lines": []}, "AgentExecutor.execute_task": {"executed_lines": [], "summary": {"covered_lines": 0, "num_statements": 29, "percent_covered": 0.0, "percent_covered_display": "0.00", "missing_lines": 29, "excluded_lines": 0}, "missing_lines": [48, 50, 52, 55, 64, 65, 67, 75, 78, 79, 80, 83, 86, 88, 97, 108, 109, 112, 123, 124, 131, 140, 142, 143, 153, 154, 155, 156, 158], "excluded_lines": []}, "AgentExecutor._load_agent_definition": {"executed_lines": [], "summary": {"covered_lines": 0, "num_statements": 21, "percent_covered": 0.0, "percent_covered_display": "0.00", "missing_lines": 21, "excluded_lines": 0}, "missing_lines": [186, 194, 195, 196, 197, 198, 201, 203, 204, 205, 208, 209, 210, 211, 213, 214, 219, 220, 222, 224, 226], "excluded_lines": []}, "AgentExecutor._parse_md_agent": {"executed_lines": [], "summary": {"covered_lines": 0, "num_statements": 10, "percent_covered": 0.0, "percent_covered_display": "0.00", "missing_lines": 10, "excluded_lines": 0}, "missing_lines": [238, 239, 241, 242, 243, 245, 246, 249, 250, 252], "excluded_lines": []}, "AgentExecutor._build_user_message": {"executed_lines": [], "summary": {"covered_lines": 0, "num_statements": 5, "percent_covered": 0.0, "percent_covered_display": "0.00", "missing_lines": 5, "excluded_lines": 0}, "missing_lines": [265, 268, 269, 270, 272], "excluded_lines": []}, "": {"executed_lines": [1, 3, 4, 5, 6, 8, 10, 11, 12, 13, 15, 18, 19, 21, 39, 165, 228, 254], "summary": {"covered_lines": 16, "num_statements": 16, "percent_covered": 100.0, "percent_covered_display": "100.00", "missing_lines": 0, "excluded_lines": 0}, "missing_lines": [], "excluded_lines": []}}, "classes": {"AgentExecutor": {"executed_lines": [35, 36, 37], "summary": {"covered_lines": 3, "num_statements": 68, "percent_covered": 4.411764705882353, "percent_covered_display": "4.41", "missing_lines": 65, "excluded_lines": 0}, "missing_lines": [48, 50, 52, 55, 64, 65, 67, 75, 78, 79, 80, 83, 86, 88, 97, 108, 109, 112, 123, 124, 131, 140, 142, 143, 153, 154, 155, 156, 158, 186, 194, 195, 196, 197, 198, 201, 203, 204, 205, 208, 209, 210, 211, 213, 214, 219, 220, 222, 224, 226, 238, 239, 241, 242, 243, 245, 246, 249, 250, 252, 265, 268, 269, 270, 272], "excluded_lines": []}, "": {"executed_lines": [1, 3, 4, 5, 6, 8, 10, 11, 12, 13, 15, 18, 19, 21, 39, 165, 228, 254], "summary": {"covered_lines": 16, "num_statements": 16, "percent_covered": 100.0, "percent_covered_display": "100.00", "missing_lines": 0, "excluded_lines": 0}, "missing_lines": [], "excluded_lines": []}}}, ".abathur/worktrees/task-006-testing/src/abathur/application/agent_pool.py": {"executed_lines": [1, 3, 4, 5, 6, 8, 9, 10, 12, 15, 16, 17, 19, 20, 21, 22, 23, 24, 25, 28, 29, 31, 57, 92, 122, 131, 137, 147, 159, 174, 194, 208, 216], "summary": {"covered_lines": 30, "num_statements": 111, "percent_covered": 27.027027027027028, "percent_covered_display": "27.03", "missing_lines": 81, "excluded_lines": 0}, "missing_lines": [46, 47, 48, 49, 50, 51, 52, 53, 54, 55, 66, 68, 69, 70, 72, 73, 74, 75, 77, 78, 80, 86, 88, 89, 90, 98, 99, 100, 102, 103, 104, 106, 107, 108, 110, 111, 113, 119, 120, 128, 129, 133, 134, 135, 139, 140, 141, 142, 143, 144, 145, 149, 150, 151, 152, 154, 155, 156, 157, 161, 162, 164, 165, 166, 167, 169, 170, 171, 172, 180, 181, 182, 184, 196, 199, 202, 203, 204, 206, 214, 222], "excluded_lines": [], "functions": {"AgentPool.__init__": {"executed_lines": [], "summary": {"covered_lines": 0, "num_statements": 10, "percent_covered": 0.0, "percent_covered_display": "0.00", "missing_lines": 10, "excluded_lines": 0}, "missing_lines": [46, 47, 48, 49, 50, 51, 52, 53, 54, 55], "excluded_lines": []}, "AgentPool.acquire_agent": {"executed_lines": [], "summary": {"covered_lines": 0, "num_statements": 15, "percent_covered": 0.0, "percent_covered_display": "0.00", "missing_lines": 15, "excluded_lines": 0}, "missing_lines": [66, 68, 69, 70, 72, 73, 74, 75, 77, 78, 80, 86, 88, 89, 90], "excluded_lines": []}, "AgentPool.release_agent": {"executed_lines": [], "summary": {"covered_lines": 0, "num_statements": 14, "percent_covered": 0.0, "percent_covered_display": "0.00", "missing_lines": 14, "excluded_lines": 0}, "missing_lines": [98, 99, 100, 102, 103, 104, 106, 107, 108, 110, 111, 113, 119, 120], "excluded_lines": []}, "AgentPool.update_activity": {"executed_lines": [], "summary": {"covered_lines": 0, "num_statements": 2, "percent_covered": 0.0, "percent_covered_display": "0.00", "missing_lines": 2, "excluded_lines": 0}, "missing_lines": [128, 129], "excluded_lines": []}, "AgentPool.start_health_monitoring": {"executed_lines": [], "summary": {"covered_lines": 0, "num_statements": 3, "percent_covered": 0.0, "percent_covered_display": "0.00", "missing_lines": 3, "excluded_lines": 0}, "missing_lines": [133, 134, 135], "excluded_lines": []}, "AgentPool.stop_health_monitoring": {"executed_lines": [], "summary": {"covered_lines": 0, "num_statements": 7, "percent_covered": 0.0, "percent_covered_display": "0.00", "missing_lines": 7, "excluded_lines": 0}, "missing_lines": [139, 140, 141, 142, 143, 144, 145], "excluded_lines": []}, "AgentPool._health_check_loop": {"executed_lines": [], "summary": {"covered_lines": 0, "num_statements": 8, "percent_covered": 0.0, "percent_covered_display": "0.00", "missing_lines": 8, "excluded_lines": 0}, "missing_lines": [149, 150, 151, 152, 154, 155, 156, 157], "excluded_lines": []}, "AgentPool._check_idle_agents": {"executed_lines": [], "summary": {"covered_lines": 0, "num_statements": 10, "percent_covered": 0.0, "percent_covered_display": "0.00", "missing_lines": 10, "excluded_lines": 0}, "missing_lines": [161, 162, 164, 165, 166, 167, 169, 170, 171, 172], "excluded_lines": []}, "AgentPool.get_stats": {"executed_lines": [], "summary": {"covered_lines": 0, "num_statements": 4, "percent_covered": 0.0, "percent_covered_display": "0.00", "missing_lines": 4, "excluded_lines": 0}, "missing_lines": [180, 181, 182, 184], "excluded_lines": []}, "AgentPool.shutdown": {"executed_lines": [], "summary": {"covered_lines": 0, "num_statements": 6, "percent_covered": 0.0, "percent_covered_display": "0.00", "missing_lines": 6, "excluded_lines": 0}, "missing_lines": [196, 199, 202, 203, 204, 206], "excluded_lines": []}, "AgentPool.get_available_capacity": {"executed_lines": [], "summary": {"covered_lines": 0, "num_statements": 1, "percent_covered": 0.0, "percent_covered_display": "0.00", "missing_lines": 1, "excluded_lines": 0}, "missing_lines": [214], "excluded_lines": []}, "AgentPool.is_full": {"executed_lines": [], "summary": {"covered_lines": 0, "num_statements": 1, "percent_covered": 0.0, "percent_covered_display": "0.00", "missing_lines": 1, "excluded_lines": 0}, "missing_lines": [222], "excluded_lines": []}, "": {"executed_lines": [1, 3, 4, 5, 6, 8, 9, 10, 12, 15, 16, 17, 19, 20, 21, 22, 23, 24, 25, 28, 29, 31, 57, 92, 122, 131, 137, 147, 159, 174, 194, 208, 216], "summary": {"covered_lines": 30, "num_statements": 30, "percent_covered": 100.0, "percent_covered_display": "100.00", "missing_lines": 0, "excluded_lines": 0}, "missing_lines": [], "excluded_lines": []}}, "classes": {"PoolStats": {"executed_lines": [], "summary": {"covered_lines": 0, "num_statements": 0, "percent_covered": 100.0, "percent_covered_display": "100.00", "missing_lines": 0, "excluded_lines": 0}, "missing_lines": [], "excluded_lines": []}, "AgentPool": {"executed_lines": [], "summary": {"covered_lines": 0, "num_statements": 81, "percent_covered": 0.0, "percent_covered_display": "0.00", "missing_lines": 81, "excluded_lines": 0}, "missing_lines": [46, 47, 48, 49, 50, 51, 52, 53, 54, 55, 66, 68, 69, 70, 72, 73, 74, 75, 77, 78, 80, 86, 88, 89, 90, 98, 99, 100, 102, 103, 104, 106, 107, 108, 110, 111, 113, 119, 120, 128, 129, 133, 134, 135, 139, 140, 141, 142, 143, 144, 145, 149, 150, 151, 152, 154, 155, 156, 157, 161, 162, 164, 165, 166, 167, 169, 170, 171, 172, 180, 181, 182, 184, 196, 199, 202, 203, 204, 206, 214, 222], "excluded_lines": []}, "": {"executed_lines": [1, 3, 4, 5, 6, 8, 9, 10, 12, 15, 16, 17, 19, 20, 21, 22, 23, 24, 25, 28, 29, 31, 57, 92, 122, 131, 137, 147, 159, 174, 194, 208, 216], "summary": {"covered_lines": 30, "num_statements": 30, "percent_covered": 100.0, "percent_covered_display": "100.00", "missing_lines": 0, "excluded_lines": 0}, "missing_lines": [], "excluded_lines": []}}}, ".abathur/worktrees/task-006-testing/src/abathur/application/claude_client.py": {"executed_lines": [1, 3, 4, 5, 6, 8, 10, 12, 15, 18, 27, 29, 32, 33, 35, 60, 61, 62, 64, 66, 69, 70, 71, 73, 75, 80, 81, 82, 83, 85, 92, 93, 95, 101, 104, 105, 106, 109, 110, 115, 116, 118, 130, 131, 132, 133, 135, 160, 163, 164, 174, 212, 214, 215, 217, 223, 255, 256, 257, 265, 313, 346, 362], "summary": {"covered_lines": 60, "num_statements": 109, "percent_covered": 55.04587155963303, "percent_covered_display": "55.05", "missing_lines": 49, "excluded_lines": 2}, "missing_lines": [111, 112, 165, 175, 177, 178, 180, 188, 189, 191, 192, 200, 233, 234, 235, 236, 238, 244, 285, 287, 289, 290, 292, 298, 306, 307, 309, 310, 311, 322, 324, 325, 328, 333, 337, 338, 339, 344, 354, 356, 360, 376, 378, 379, 380, 388, 389, 390, 394], "excluded_lines": [12, 13], "functions": {"_is_claude_cli_provider": {"executed_lines": [27, 29], "summary": {"covered_lines": 2, "num_statements": 2, "percent_covered": 100.0, "percent_covered_display": "100.00", "missing_lines": 0, "excluded_lines": 0}, "missing_lines": [], "excluded_lines": []}, "ClaudeClient.__init__": {"executed_lines": [60, 61, 62, 64, 66, 69, 70, 71, 73, 75, 80, 81, 82, 83, 85, 92, 93], "summary": {"covered_lines": 17, "num_statements": 17, "percent_covered": 100.0, "percent_covered_display": "100.00", "missing_lines": 0, "excluded_lines": 0}, "missing_lines": [], "excluded_lines": []}, "ClaudeClient._configure_sdk_auth": {"executed_lines": [101, 104, 105, 106, 109, 110, 115, 116], "summary": {"covered_lines": 8, "num_statements": 10, "percent_covered": 80.0, "percent_covered_display": "80.00", "missing_lines": 2, "excluded_lines": 0}, "missing_lines": [111, 112], "excluded_lines": []}, "ClaudeClient._estimate_tokens": {"executed_lines": [130, 131, 132, 133], "summary": {"covered_lines": 4, "num_statements": 4, "percent_covered": 100.0, "percent_covered_display": "100.00", "missing_lines": 0, "excluded_lines": 0}, "missing_lines": [], "excluded_lines": []}, "ClaudeClient.execute_task": {"executed_lines": [160, 163, 164, 174, 212, 214, 215, 217, 223, 255, 256, 257], "summary": {"covered_lines": 12, "num_statements": 28, "percent_covered": 42.857142857142854, "percent_covered_display": "42.86", "missing_lines": 16, "excluded_lines": 0}, "missing_lines": [165, 175, 177, 178, 180, 188, 189, 191, 192, 200, 233, 234, 235, 236, 238, 244], "excluded_lines": []}, "ClaudeClient.stream_task": {"executed_lines": [], "summary": {"covered_lines": 0, "num_statements": 11, "percent_covered": 0.0, "percent_covered_display": "0.00", "missing_lines": 11, "excluded_lines": 0}, "missing_lines": [285, 287, 289, 290, 292, 298, 306, 307, 309, 310, 311], "excluded_lines": []}, "ClaudeClient.validate_authentication": {"executed_lines": [], "summary": {"covered_lines": 0, "num_statements": 9, "percent_covered": 0.0, "percent_covered_display": "0.00", "missing_lines": 9, "excluded_lines": 0}, "missing_lines": [322, 324, 325, 328, 333, 337, 338, 339, 344], "excluded_lines": []}, "ClaudeClient.validate_api_key": {"executed_lines": [], "summary": {"covered_lines": 0, "num_statements": 3, "percent_covered": 0.0, "percent_covered_display": "0.00", "missing_lines": 3, "excluded_lines": 0}, "missing_lines": [354, 356, 360], "excluded_lines": []}, "ClaudeClient.batch_execute": {"executed_lines": [], "summary": {"covered_lines": 0, "num_statements": 6, "percent_covered": 0.0, "percent_covered_display": "0.00", "missing_lines": 6, "excluded_lines": 0}, "missing_lines": [376, 378, 388, 389, 390, 394], "excluded_lines": []}, "ClaudeClient.batch_execute.execute_with_semaphore": {"executed_lines": [], "summary": {"covered_lines": 0, "num_statements": 2, "percent_covered": 0.0, "percent_covered_display": "0.00", "missing_lines": 2, "excluded_lines": 0}, "missing_lines": [379, 380], "excluded_lines": []}, "": {"executed_lines": [1, 3, 4, 5, 6, 8, 10, 12, 15, 18, 32, 33, 35, 95, 118, 135, 265, 313, 346, 362], "summary": {"covered_lines": 17, "num_statements": 17, "percent_covered": 100.0, "percent_covered_display": "100.00", "missing_lines": 0, "excluded_lines": 2}, "missing_lines": [], "excluded_lines": [12, 13]}}, "classes": {"ClaudeClient": {"executed_lines": [60, 61, 62, 64, 66, 69, 70, 71, 73, 75, 80, 81, 82, 83, 85, 92, 93, 101, 104, 105, 106, 109, 110, 115, 116, 130, 131, 132, 133, 160, 163, 164, 174, 212, 214, 215, 217, 223, 255, 256, 257], "summary": {"covered_lines": 41, "num_statements": 90, "percent_covered": 45.55555555555556, "percent_covered_display": "45.56", "missing_lines": 49, "excluded_lines": 0}, "missing_lines": [111, 112, 165, 175, 177, 178, 180, 188, 189, 191, 192, 200, 233, 234, 235, 236, 238, 244, 285, 287, 289, 290, 292, 298, 306, 307, 309, 310, 311, 322, 324, 325, 328, 333, 337, 338, 339, 344, 354, 356, 360, 376, 378, 379, 380, 388, 389, 390, 394], "excluded_lines": []}, "": {"executed_lines": [1, 3, 4, 5, 6, 8, 10, 12, 15, 18, 27, 29, 32, 33, 35, 95, 118, 135, 265, 313, 346, 362], "summary": {"covered_lines": 19, "num_statements": 19, "percent_covered": 100.0, "percent_covered_display": "100.00", "missing_lines": 0, "excluded_lines": 2}, "missing_lines": [], "excluded_lines": [12, 13]}}}, ".abathur/worktrees/task-006-testing/src/abathur/application/failure_recovery.py": {"executed_lines": [1, 3, 4, 5, 6, 8, 9, 10, 11, 13, 16, 17, 18, 20, 21, 22, 23, 24, 27, 28, 29, 31, 32, 33, 34, 35, 36, 39, 40, 42, 62, 72, 82, 95, 103, 127, 156, 180, 197, 217, 250, 273, 289, 297], "summary": {"covered_lines": 40, "num_statements": 128, "percent_covered": 31.25, "percent_covered_display": "31.25", "missing_lines": 88, "excluded_lines": 0}, "missing_lines": [55, 56, 57, 58, 59, 60, 68, 69, 70, 74, 75, 76, 77, 78, 79, 80, 84, 85, 86, 87, 88, 90, 91, 92, 93, 97, 99, 100, 101, 105, 107, 108, 110, 111, 112, 113, 114, 120, 125, 136, 137, 142, 143, 146, 149, 150, 151, 152, 154, 165, 172, 173, 175, 176, 178, 189, 191, 192, 193, 195, 203, 204, 205, 206, 208, 215, 225, 232, 235, 240, 241, 244, 246, 247, 248, 259, 270, 271, 279, 295, 306, 307, 308, 311, 312, 315, 317, 318], "excluded_lines": [], "functions": {"FailureRecovery.__init__": {"executed_lines": [], "summary": {"covered_lines": 0, "num_statements": 6, "percent_covered": 0.0, "percent_covered_display": "0.00", "missing_lines": 6, "excluded_lines": 0}, "missing_lines": [55, 56, 57, 58, 59, 60], "excluded_lines": []}, "FailureRecovery.start_recovery_monitor": {"executed_lines": [], "summary": {"covered_lines": 0, "num_statements": 3, "percent_covered": 0.0, "percent_covered_display": "0.00", "missing_lines": 3, "excluded_lines": 0}, "missing_lines": [68, 69, 70], "excluded_lines": []}, "FailureRecovery.stop_recovery_monitor": {"executed_lines": [], "summary": {"covered_lines": 0, "num_statements": 7, "percent_covered": 0.0, "percent_covered_display": "0.00", "missing_lines": 7, "excluded_lines": 0}, "missing_lines": [74, 75, 76, 77, 78, 79, 80], "excluded_lines": []}, "FailureRecovery._recovery_loop": {"executed_lines": [], "summary": {"covered_lines": 0, "num_statements": 9, "percent_covered": 0.0, "percent_covered_display": "0.00", "missing_lines": 9, "excluded_lines": 0}, "missing_lines": [84, 85, 86, 87, 88, 90, 91, 92, 93], "excluded_lines": []}, "FailureRecovery._check_failed_tasks": {"executed_lines": [], "summary": {"covered_lines": 0, "num_statements": 4, "percent_covered": 0.0, "percent_covered_display": "0.00", "missing_lines": 4, "excluded_lines": 0}, "missing_lines": [97, 99, 100, 101], "excluded_lines": []}, "FailureRecovery._check_stalled_tasks": {"executed_lines": [], "summary": {"covered_lines": 0, "num_statements": 10, "percent_covered": 0.0, "percent_covered_display": "0.00", "missing_lines": 10, "excluded_lines": 0}, "missing_lines": [105, 107, 108, 110, 111, 112, 113, 114, 120, 125], "excluded_lines": []}, "FailureRecovery._should_retry": {"executed_lines": [], "summary": {"covered_lines": 0, "num_statements": 10, "percent_covered": 0.0, "percent_covered_display": "0.00", "missing_lines": 10, "excluded_lines": 0}, "missing_lines": [136, 137, 142, 143, 146, 149, 150, 151, 152, 154], "excluded_lines": []}, "FailureRecovery._calculate_backoff": {"executed_lines": [], "summary": {"covered_lines": 0, "num_statements": 6, "percent_covered": 0.0, "percent_covered_display": "0.00", "missing_lines": 6, "excluded_lines": 0}, "missing_lines": [165, 172, 173, 175, 176, 178], "excluded_lines": []}, "FailureRecovery.retry_task": {"executed_lines": [], "summary": {"covered_lines": 0, "num_statements": 5, "percent_covered": 0.0, "percent_covered_display": "0.00", "missing_lines": 5, "excluded_lines": 0}, "missing_lines": [189, 191, 192, 193, 195], "excluded_lines": []}, "FailureRecovery._move_to_dlq": {"executed_lines": [], "summary": {"covered_lines": 0, "num_statements": 6, "percent_covered": 0.0, "percent_covered_display": "0.00", "missing_lines": 6, "excluded_lines": 0}, "missing_lines": [203, 204, 205, 206, 208, 215], "excluded_lines": []}, "FailureRecovery.handle_agent_failure": {"executed_lines": [], "summary": {"covered_lines": 0, "num_statements": 9, "percent_covered": 0.0, "percent_covered_display": "0.00", "missing_lines": 9, "excluded_lines": 0}, "missing_lines": [225, 232, 235, 240, 241, 244, 246, 247, 248], "excluded_lines": []}, "FailureRecovery._is_transient_error": {"executed_lines": [], "summary": {"covered_lines": 0, "num_statements": 3, "percent_covered": 0.0, "percent_covered_display": "0.00", "missing_lines": 3, "excluded_lines": 0}, "missing_lines": [259, 270, 271], "excluded_lines": []}, "FailureRecovery.get_stats": {"executed_lines": [], "summary": {"covered_lines": 0, "num_statements": 1, "percent_covered": 0.0, "percent_covered_display": "0.00", "missing_lines": 1, "excluded_lines": 0}, "missing_lines": [279], "excluded_lines": []}, "FailureRecovery.get_dlq_tasks": {"executed_lines": [], "summary": {"covered_lines": 0, "num_statements": 1, "percent_covered": 0.0, "percent_covered_display": "0.00", "missing_lines": 1, "excluded_lines": 0}, "missing_lines": [295], "excluded_lines": []}, "FailureRecovery.reprocess_dlq_task": {"executed_lines": [], "summary": {"covered_lines": 0, "num_statements": 8, "percent_covered": 0.0, "percent_covered_display": "0.00", "missing_lines": 8, "excluded_lines": 0}, "missing_lines": [306, 307, 308, 311, 312, 315, 317, 318], "excluded_lines": []}, "": {"executed_lines": [1, 3, 4, 5, 6, 8, 9, 10, 11, 13, 16, 17, 18, 20, 21, 22, 23, 24, 27, 28, 29, 31, 32, 33, 34, 35, 36, 39, 40, 42, 62, 72, 82, 95, 103, 127, 156, 180, 197, 217, 250, 273, 289, 297], "summary": {"covered_lines": 40, "num_statements": 40, "percent_covered": 100.0, "percent_covered_display": "100.00", "missing_lines": 0, "excluded_lines": 0}, "missing_lines": [], "excluded_lines": []}}, "classes": {"RetryPolicy": {"executed_lines": [], "summary": {"covered_lines": 0, "num_statements": 0, "percent_covered": 100.0, "percent_covered_display": "100.00", "missing_lines": 0, "excluded_lines": 0}, "missing_lines": [], "excluded_lines": []}, "FailureStats": {"executed_lines": [], "summary": {"covered_lines": 0, "num_statements": 0, "percent_covered": 100.0, "percent_covered_display": "100.00", "missing_lines": 0, "excluded_lines": 0}, "missing_lines": [], "excluded_lines": []}, "FailureRecovery": {"executed_lines": [], "summary": {"covered_lines": 0, "num_statements": 88, "percent_covered": 0.0, "percent_covered_display": "0.00", "missing_lines": 88, "excluded_lines": 0}, "missing_lines": [55, 56, 57, 58, 59, 60, 68, 69, 70, 74, 75, 76, 77, 78, 79, 80, 84, 85, 86, 87, 88, 90, 91, 92, 93, 97, 99, 100, 101, 105, 107, 108, 110, 111, 112, 113, 114, 120, 125, 136, 137, 142, 143, 146, 149, 150, 151, 152, 154, 165, 172, 173, 175, 176, 178, 189, 191, 192, 193, 195, 203, 204, 205, 206, 208, 215, 225, 232, 235, 240, 241, 244, 246, 247, 248, 259, 270, 271, 279, 295, 306, 307, 308, 311, 312, 315, 317, 318], "excluded_lines": []}, "": {"executed_lines": [1, 3, 4, 5, 6, 8, 9, 10, 11, 13, 16, 17, 18, 20, 21, 22, 23, 24, 27, 28, 29, 31, 32, 33, 34, 35, 36, 39, 40, 42, 62, 72, 82, 95, 103, 127, 156, 180, 197, 217, 250, 273, 289, 297], "summary": {"covered_lines": 40, "num_statements": 40, "percent_covered": 100.0, "percent_covered_display": "100.00", "missing_lines": 0, "excluded_lines": 0}, "missing_lines": [], "excluded_lines": []}}}, ".abathur/worktrees/task-006-testing/src/abathur/application/loop_executor.py": {"executed_lines": [1, 3, 4, 5, 6, 7, 9, 10, 11, 12, 13, 15, 18, 19, 21, 22, 23, 24, 25, 26, 29, 30, 31, 33, 35, 36, 37, 39, 40, 42, 44, 46, 49, 50, 51, 53, 54, 55, 56, 58, 59, 60, 63, 64, 65, 67, 68, 69, 70, 71, 72, 73, 75, 76, 80, 81, 82, 84, 85, 86, 87, 88, 89, 90, 93, 94, 96, 109, 110, 111, 113, 139, 140, 141, 144, 145, 154, 156, 157, 173, 185, 186, 194, 197, 200, 203, 204, 218, 224, 225, 233, 244, 247, 252, 261, 270, 272, 273, 283, 285, 286, 288, 290, 292, 306, 314, 315, 317, 327, 328, 335, 337, 346, 355, 356, 358, 372, 383, 397, 399, 408, 424, 425, 427, 428, 443, 455, 461, 463, 471, 472, 474, 476, 482, 494, 495, 501, 504, 505, 506, 509, 511, 513, 519, 528, 532, 533, 534, 536, 553, 554, 555, 558, 566, 568, 577, 581, 582, 583], "summary": {"covered_lines": 152, "num_statements": 174, "percent_covered": 87.35632183908046, "percent_covered_display": "87.36", "missing_lines": 22, "excluded_lines": 0}, "missing_lines": [77, 146, 147, 148, 158, 163, 174, 175, 302, 303, 304, 343, 344, 430, 432, 438, 439, 456, 464, 529, 578, 586], "excluded_lines": [], "functions": {"ConvergenceEvaluation.__post_init__": {"executed_lines": [59, 60], "summary": {"covered_lines": 2, "num_statements": 2, "percent_covered": 100.0, "percent_covered_display": "100.00", "missing_lines": 0, "excluded_lines": 0}, "missing_lines": [], "excluded_lines": []}, "LoopResult.__post_init__": {"executed_lines": [76], "summary": {"covered_lines": 1, "num_statements": 2, "percent_covered": 50.0, "percent_covered_display": "50.00", "missing_lines": 1, "excluded_lines": 0}, "missing_lines": [77], "excluded_lines": []}, "LoopExecutor.__init__": {"executed_lines": [109, 110, 111], "summary": {"covered_lines": 3, "num_statements": 3, "percent_covered": 100.0, "percent_covered_display": "100.00", "missing_lines": 0, "excluded_lines": 0}, "missing_lines": [], "excluded_lines": []}, "LoopExecutor.execute_loop": {"executed_lines": [139, 140, 141, 144, 145, 154, 156, 157, 173, 185, 186, 194, 197, 200, 203, 204, 218, 224, 225, 233, 244, 247, 252], "summary": {"covered_lines": 23, "num_statements": 30, "percent_covered": 76.66666666666667, "percent_covered_display": "76.67", "missing_lines": 7, "excluded_lines": 0}, "missing_lines": [146, 147, 148, 158, 163, 174, 175], "excluded_lines": []}, "LoopExecutor._try_restore_checkpoint": {"executed_lines": [270, 272, 273, 283, 285, 286, 288, 290, 292], "summary": {"covered_lines": 9, "num_statements": 12, "percent_covered": 75.0, "percent_covered_display": "75.00", "missing_lines": 3, "excluded_lines": 0}, "missing_lines": [302, 303, 304], "excluded_lines": []}, "LoopExecutor._save_checkpoint": {"executed_lines": [314, 315, 317, 327, 328, 335, 337], "summary": {"covered_lines": 7, "num_statements": 9, "percent_covered": 77.77777777777777, "percent_covered_display": "77.78", "missing_lines": 2, "excluded_lines": 0}, "missing_lines": [343, 344], "excluded_lines": []}, "LoopExecutor._is_task_cancelled": {"executed_lines": [355, 356], "summary": {"covered_lines": 2, "num_statements": 2, "percent_covered": 100.0, "percent_covered_display": "100.00", "missing_lines": 0, "excluded_lines": 0}, "missing_lines": [], "excluded_lines": []}, "LoopExecutor._build_iteration_context": {"executed_lines": [372], "summary": {"covered_lines": 1, "num_statements": 1, "percent_covered": 100.0, "percent_covered_display": "100.00", "missing_lines": 0, "excluded_lines": 0}, "missing_lines": [], "excluded_lines": []}, "LoopExecutor._execute_task_iteration": {"executed_lines": [397, 399], "summary": {"covered_lines": 2, "num_statements": 2, "percent_covered": 100.0, "percent_covered_display": "100.00", "missing_lines": 0, "excluded_lines": 0}, "missing_lines": [], "excluded_lines": []}, "LoopExecutor._evaluate_convergence": {"executed_lines": [424, 425, 427, 428], "summary": {"covered_lines": 4, "num_statements": 8, "percent_covered": 50.0, "percent_covered_display": "50.00", "missing_lines": 4, "excluded_lines": 0}, "missing_lines": [430, 432, 438, 439], "excluded_lines": []}, "LoopExecutor._evaluate_threshold": {"executed_lines": [455, 461, 463, 471, 472, 474, 476], "summary": {"covered_lines": 7, "num_statements": 9, "percent_covered": 77.77777777777777, "percent_covered_display": "77.78", "missing_lines": 2, "excluded_lines": 0}, "missing_lines": [456, 464], "excluded_lines": []}, "LoopExecutor._evaluate_stability": {"executed_lines": [494, 495, 501, 504, 505, 506, 509, 511, 513], "summary": {"covered_lines": 9, "num_statements": 9, "percent_covered": 100.0, "percent_covered_display": "100.00", "missing_lines": 0, "excluded_lines": 0}, "missing_lines": [], "excluded_lines": []}, "LoopExecutor._compute_similarity": {"executed_lines": [528, 532, 533, 534], "summary": {"covered_lines": 4, "num_statements": 5, "percent_covered": 80.0, "percent_covered_display": "80.00", "missing_lines": 1, "excluded_lines": 0}, "missing_lines": [529], "excluded_lines": []}, "LoopExecutor._refine_task": {"executed_lines": [553, 554, 555, 558, 566], "summary": {"covered_lines": 5, "num_statements": 5, "percent_covered": 100.0, "percent_covered_display": "100.00", "missing_lines": 0, "excluded_lines": 0}, "missing_lines": [], "excluded_lines": []}, "LoopExecutor._get_best_result": {"executed_lines": [577, 581, 582, 583], "summary": {"covered_lines": 4, "num_statements": 6, "percent_covered": 66.66666666666667, "percent_covered_display": "66.67", "missing_lines": 2, "excluded_lines": 0}, "missing_lines": [578, 586], "excluded_lines": []}, "": {"executed_lines": [1, 3, 4, 5, 6, 7, 9, 10, 11, 12, 13, 15, 18, 19, 21, 22, 23, 24, 25, 26, 29, 30, 31, 33, 35, 36, 37, 39, 40, 42, 44, 46, 49, 50, 51, 53, 54, 55, 56, 58, 63, 64, 65, 67, 68, 69, 70, 71, 72, 73, 75, 80, 81, 82, 84, 85, 86, 87, 88, 89, 90, 93, 94, 96, 113, 261, 306, 346, 358, 383, 408, 443, 482, 519, 536, 568], "summary": {"covered_lines": 69, "num_statements": 69, "percent_covered": 100.0, "percent_covered_display": "100.00", "missing_lines": 0, "excluded_lines": 0}, "missing_lines": [], "excluded_lines": []}}, "classes": {"ConvergenceType": {"executed_lines": [], "summary": {"covered_lines": 0, "num_statements": 0, "percent_covered": 100.0, "percent_covered_display": "100.00", "missing_lines": 0, "excluded_lines": 0}, "missing_lines": [], "excluded_lines": []}, "ConvergenceCriteria": {"executed_lines": [], "summary": {"covered_lines": 0, "num_statements": 0, "percent_covered": 100.0, "percent_covered_display": "100.00", "missing_lines": 0, "excluded_lines": 0}, "missing_lines": [], "excluded_lines": []}, "ConvergenceEvaluation": {"executed_lines": [59, 60], "summary": {"covered_lines": 2, "num_statements": 2, "percent_covered": 100.0, "percent_covered_display": "100.00", "missing_lines": 0, "excluded_lines": 0}, "missing_lines": [], "excluded_lines": []}, "LoopResult": {"executed_lines": [76], "summary": {"covered_lines": 1, "num_statements": 2, "percent_covered": 50.0, "percent_covered_display": "50.00", "missing_lines": 1, "excluded_lines": 0}, "missing_lines": [77], "excluded_lines": []}, "LoopState": {"executed_lines": [], "summary": {"covered_lines": 0, "num_statements": 0, "percent_covered": 100.0, "percent_covered_display": "100.00", "missing_lines": 0, "excluded_lines": 0}, "missing_lines": [], "excluded_lines": []}, "LoopExecutor": {"executed_lines": [109, 110, 111, 139, 140, 141, 144, 145, 154, 156, 157, 173, 185, 186, 194, 197, 200, 203, 204, 218, 224, 225, 233, 244, 247, 252, 270, 272, 273, 283, 285, 286, 288, 290, 292, 314, 315, 317, 327, 328, 335, 337, 355, 356, 372, 397, 399, 424, 425, 427, 428, 455, 461, 463, 471, 472, 474, 476, 494, 495, 501, 504, 505, 506, 509, 511, 513, 528, 532, 533, 534, 553, 554, 555, 558, 566, 577, 581, 582, 583], "summary": {"covered_lines": 80, "num_statements": 101, "percent_covered": 79.20792079207921, "percent_covered_display": "79.21", "missing_lines": 21, "excluded_lines": 0}, "missing_lines": [146, 147, 148, 158, 163, 174, 175, 302, 303, 304, 343, 344, 430, 432, 438, 439, 456, 464, 529, 578, 586], "excluded_lines": []}, "": {"executed_lines": [1, 3, 4, 5, 6, 7, 9, 10, 11, 12, 13, 15, 18, 19, 21, 22, 23, 24, 25, 26, 29, 30, 31, 33, 35, 36, 37, 39, 40, 42, 44, 46, 49, 50, 51, 53, 54, 55, 56, 58, 63, 64, 65, 67, 68, 69, 70, 71, 72, 73, 75, 80, 81, 82, 84, 85, 86, 87, 88, 89, 90, 93, 94, 96, 113, 261, 306, 346, 358, 383, 408, 443, 482, 519, 536, 568], "summary": {"covered_lines": 69, "num_statements": 69, "percent_covered": 100.0, "percent_covered_display": "100.00", "missing_lines": 0, "excluded_lines": 0}, "missing_lines": [], "excluded_lines": []}}}, ".abathur/worktrees/task-006-testing/src/abathur/application/mcp_manager.py": {"executed_lines": [1, 3, 4, 5, 6, 7, 8, 10, 11, 13, 16, 17, 19, 20, 21, 22, 23, 26, 27, 28, 30, 31, 32, 33, 34, 35, 36, 39, 40, 42, 48, 49, 50, 51, 53, 55, 58, 61, 62, 70, 75, 154, 200, 214, 220, 223, 225, 229, 231, 246, 256, 258, 266, 278, 309, 318, 321, 322, 324, 330, 344, 346, 352, 358, 364, 366, 376, 378, 379, 388, 389, 394, 395, 406, 408, 410, 412, 414], "summary": {"covered_lines": 74, "num_statements": 172, "percent_covered": 43.02325581395349, "percent_covered_display": "43.02", "missing_lines": 98, "excluded_lines": 0}, "missing_lines": [63, 64, 84, 85, 86, 88, 89, 90, 92, 94, 95, 102, 111, 114, 115, 125, 126, 127, 129, 136, 137, 139, 141, 142, 148, 149, 150, 152, 163, 164, 165, 167, 169, 170, 172, 174, 176, 178, 179, 180, 182, 183, 184, 186, 187, 189, 190, 192, 193, 198, 206, 208, 209, 210, 212, 226, 227, 240, 242, 243, 244, 252, 253, 254, 259, 260, 261, 262, 263, 264, 268, 269, 270, 271, 273, 274, 275, 276, 280, 281, 282, 284, 285, 288, 290, 292, 298, 299, 302, 303, 307, 319, 331, 380, 385, 386, 399, 404], "excluded_lines": [], "functions": {"MCPManager.__init__": {"executed_lines": [48, 49, 50, 51], "summary": {"covered_lines": 4, "num_statements": 4, "percent_covered": 100.0, "percent_covered_display": "100.00", "missing_lines": 0, "excluded_lines": 0}, "missing_lines": [], "excluded_lines": []}, "MCPManager.initialize": {"executed_lines": [55, 58, 61, 62, 70], "summary": {"covered_lines": 5, "num_statements": 7, "percent_covered": 71.42857142857143, "percent_covered_display": "71.43", "missing_lines": 2, "excluded_lines": 0}, "missing_lines": [63, 64], "excluded_lines": []}, "MCPManager.start_server": {"executed_lines": [], "summary": {"covered_lines": 0, "num_statements": 26, "percent_covered": 0.0, "percent_covered_display": "0.00", "missing_lines": 26, "excluded_lines": 0}, "missing_lines": [84, 85, 86, 88, 89, 90, 92, 94, 95, 102, 111, 114, 115, 125, 126, 127, 129, 136, 137, 139, 141, 142, 148, 149, 150, 152], "excluded_lines": []}, "MCPManager.stop_server": {"executed_lines": [], "summary": {"covered_lines": 0, "num_statements": 22, "percent_covered": 0.0, "percent_covered_display": "0.00", "missing_lines": 22, "excluded_lines": 0}, "missing_lines": [163, 164, 165, 167, 169, 170, 172, 174, 176, 178, 179, 180, 182, 183, 184, 186, 187, 189, 190, 192, 193, 198], "excluded_lines": []}, "MCPManager.start_all_servers": {"executed_lines": [], "summary": {"covered_lines": 0, "num_statements": 5, "percent_covered": 0.0, "percent_covered_display": "0.00", "missing_lines": 5, "excluded_lines": 0}, "missing_lines": [206, 208, 209, 210, 212], "excluded_lines": []}, "MCPManager.stop_all_servers": {"executed_lines": [220, 223, 225, 229], "summary": {"covered_lines": 4, "num_statements": 6, "percent_covered": 66.66666666666667, "percent_covered_display": "66.67", "missing_lines": 2, "excluded_lines": 0}, "missing_lines": [226, 227], "excluded_lines": []}, "MCPManager.restart_server": {"executed_lines": [], "summary": {"covered_lines": 0, "num_statements": 4, "percent_covered": 0.0, "percent_covered_display": "0.00", "missing_lines": 4, "excluded_lines": 0}, "missing_lines": [240, 242, 243, 244], "excluded_lines": []}, "MCPManager.start_health_monitoring": {"executed_lines": [], "summary": {"covered_lines": 0, "num_statements": 3, "percent_covered": 0.0, "percent_covered_display": "0.00", "missing_lines": 3, "excluded_lines": 0}, "missing_lines": [252, 253, 254], "excluded_lines": []}, "MCPManager.stop_health_monitoring": {"executed_lines": [258], "summary": {"covered_lines": 1, "num_statements": 7, "percent_covered": 14.285714285714286, "percent_covered_display": "14.29", "missing_lines": 6, "excluded_lines": 0}, "missing_lines": [259, 260, 261, 262, 263, 264], "excluded_lines": []}, "MCPManager._health_check_loop": {"executed_lines": [], "summary": {"covered_lines": 0, "num_statements": 8, "percent_covered": 0.0, "percent_covered_display": "0.00", "missing_lines": 8, "excluded_lines": 0}, "missing_lines": [268, 269, 270, 271, 273, 274, 275, 276], "excluded_lines": []}, "MCPManager._check_server_health": {"executed_lines": [], "summary": {"covered_lines": 0, "num_statements": 13, "percent_covered": 0.0, "percent_covered_display": "0.00", "missing_lines": 13, "excluded_lines": 0}, "missing_lines": [280, 281, 282, 284, 285, 288, 290, 292, 298, 299, 302, 303, 307], "excluded_lines": []}, "MCPManager.get_server_status": {"executed_lines": [318, 321, 322, 324, 330, 344], "summary": {"covered_lines": 6, "num_statements": 8, "percent_covered": 75.0, "percent_covered_display": "75.00", "missing_lines": 2, "excluded_lines": 0}, "missing_lines": [319, 331], "excluded_lines": []}, "MCPManager.get_all_server_status": {"executed_lines": [352], "summary": {"covered_lines": 1, "num_statements": 1, "percent_covered": 100.0, "percent_covered_display": "100.00", "missing_lines": 0, "excluded_lines": 0}, "missing_lines": [], "excluded_lines": []}, "MCPManager.get_sdk_config": {"executed_lines": [364], "summary": {"covered_lines": 1, "num_statements": 1, "percent_covered": 100.0, "percent_covered_display": "100.00", "missing_lines": 0, "excluded_lines": 0}, "missing_lines": [], "excluded_lines": []}, "MCPManager.bind_agent_to_servers": {"executed_lines": [376, 378, 379, 388, 389, 394, 395, 406], "summary": {"covered_lines": 8, "num_statements": 13, "percent_covered": 61.53846153846154, "percent_covered_display": "61.54", "missing_lines": 5, "excluded_lines": 0}, "missing_lines": [380, 385, 386, 399, 404], "excluded_lines": []}, "MCPManager.shutdown": {"executed_lines": [410, 412, 414], "summary": {"covered_lines": 3, "num_statements": 3, "percent_covered": 100.0, "percent_covered_display": "100.00", "missing_lines": 0, "excluded_lines": 0}, "missing_lines": [], "excluded_lines": []}, "": {"executed_lines": [1, 3, 4, 5, 6, 7, 8, 10, 11, 13, 16, 17, 19, 20, 21, 22, 23, 26, 27, 28, 30, 31, 32, 33, 34, 35, 36, 39, 40, 42, 53, 75, 154, 200, 214, 231, 246, 256, 266, 278, 309, 346, 358, 366, 408], "summary": {"covered_lines": 41, "num_statements": 41, "percent_covered": 100.0, "percent_covered_display": "100.00", "missing_lines": 0, "excluded_lines": 0}, "missing_lines": [], "excluded_lines": []}}, "classes": {"MCPServerState": {"executed_lines": [], "summary": {"covered_lines": 0, "num_statements": 0, "percent_covered": 100.0, "percent_covered_display": "100.00", "missing_lines": 0, "excluded_lines": 0}, "missing_lines": [], "excluded_lines": []}, "MCPServerProcess": {"executed_lines": [], "summary": {"covered_lines": 0, "num_statements": 0, "percent_covered": 100.0, "percent_covered_display": "100.00", "missing_lines": 0, "excluded_lines": 0}, "missing_lines": [], "excluded_lines": []}, "MCPManager": {"executed_lines": [48, 49, 50, 51, 55, 58, 61, 62, 70, 220, 223, 225, 229, 258, 318, 321, 322, 324, 330, 344, 352, 364, 376, 378, 379, 388, 389, 394, 395, 406, 410, 412, 414], "summary": {"covered_lines": 33, "num_statements": 131, "percent_covered": 25.19083969465649, "percent_covered_display": "25.19", "missing_lines": 98, "excluded_lines": 0}, "missing_lines": [63, 64, 84, 85, 86, 88, 89, 90, 92, 94, 95, 102, 111, 114, 115, 125, 126, 127, 129, 136, 137, 139, 141, 142, 148, 149, 150, 152, 163, 164, 165, 167, 169, 170, 172, 174, 176, 178, 179, 180, 182, 183, 184, 186, 187, 189, 190, 192, 193, 198, 206, 208, 209, 210, 212, 226, 227, 240, 242, 243, 244, 252, 253, 254, 259, 260, 261, 262, 263, 264, 268, 269, 270, 271, 273, 274, 275, 276, 280, 281, 282, 284, 285, 288, 290, 292, 298, 299, 302, 303, 307, 319, 331, 380, 385, 386, 399, 404], "excluded_lines": []}, "": {"executed_lines": [1, 3, 4, 5, 6, 7, 8, 10, 11, 13, 16, 17, 19, 20, 21, 22, 23, 26, 27, 28, 30, 31, 32, 33, 34, 35, 36, 39, 40, 42, 53, 75, 154, 200, 214, 231, 246, 256, 266, 278, 309, 346, 358, 366, 408], "summary": {"covered_lines": 41, "num_statements": 41, "percent_covered": 100.0, "percent_covered_display": "100.00", "missing_lines": 0, "excluded_lines": 0}, "missing_lines": [], "excluded_lines": []}}}, ".abathur/worktrees/task-006-testing/src/abathur/application/resource_monitor.py": {"executed_lines": [1, 3, 4, 6, 8, 10, 13, 14, 15, 17, 18, 19, 20, 21, 22, 25, 26, 27, 29, 30, 31, 32, 35, 36, 38, 56, 62, 72, 85, 122, 161, 197, 234], "summary": {"covered_lines": 29, "num_statements": 95, "percent_covered": 30.526315789473685, "percent_covered_display": "30.53", "missing_lines": 66, "excluded_lines": 0}, "missing_lines": [49, 50, 51, 52, 53, 54, 58, 59, 60, 64, 65, 66, 67, 68, 69, 70, 74, 75, 76, 77, 78, 80, 81, 82, 83, 94, 96, 97, 100, 102, 112, 113, 114, 116, 118, 119, 120, 129, 130, 136, 137, 144, 145, 152, 153, 154, 155, 170, 171, 173, 176, 177, 178, 184, 187, 188, 193, 195, 203, 204, 210, 211, 212, 214, 236, 237], "excluded_lines": [], "functions": {"ResourceMonitor.__init__": {"executed_lines": [], "summary": {"covered_lines": 0, "num_statements": 6, "percent_covered": 0.0, "percent_covered_display": "0.00", "missing_lines": 6, "excluded_lines": 0}, "missing_lines": [49, 50, 51, 52, 53, 54], "excluded_lines": []}, "ResourceMonitor.start_monitoring": {"executed_lines": [], "summary": {"covered_lines": 0, "num_statements": 3, "percent_covered": 0.0, "percent_covered_display": "0.00", "missing_lines": 3, "excluded_lines": 0}, "missing_lines": [58, 59, 60], "excluded_lines": []}, "ResourceMonitor.stop_monitoring": {"executed_lines": [], "summary": {"covered_lines": 0, "num_statements": 7, "percent_covered": 0.0, "percent_covered_display": "0.00", "missing_lines": 7, "excluded_lines": 0}, "missing_lines": [64, 65, 66, 67, 68, 69, 70], "excluded_lines": []}, "ResourceMonitor._monitor_loop": {"executed_lines": [], "summary": {"covered_lines": 0, "num_statements": 9, "percent_covered": 0.0, "percent_covered_display": "0.00", "missing_lines": 9, "excluded_lines": 0}, "missing_lines": [74, 75, 76, 77, 78, 80, 81, 82, 83], "excluded_lines": []}, "ResourceMonitor.get_snapshot": {"executed_lines": [], "summary": {"covered_lines": 0, "num_statements": 12, "percent_covered": 0.0, "percent_covered_display": "0.00", "missing_lines": 12, "excluded_lines": 0}, "missing_lines": [94, 96, 97, 100, 102, 112, 113, 114, 116, 118, 119, 120], "excluded_lines": []}, "ResourceMonitor._check_limits": {"executed_lines": [], "summary": {"covered_lines": 0, "num_statements": 10, "percent_covered": 0.0, "percent_covered_display": "0.00", "missing_lines": 10, "excluded_lines": 0}, "missing_lines": [129, 130, 136, 137, 144, 145, 152, 153, 154, 155], "excluded_lines": []}, "ResourceMonitor.can_spawn_agent": {"executed_lines": [], "summary": {"covered_lines": 0, "num_statements": 11, "percent_covered": 0.0, "percent_covered_display": "0.00", "missing_lines": 11, "excluded_lines": 0}, "missing_lines": [170, 171, 173, 176, 177, 178, 184, 187, 188, 193, 195], "excluded_lines": []}, "ResourceMonitor.get_stats": {"executed_lines": [], "summary": {"covered_lines": 0, "num_statements": 6, "percent_covered": 0.0, "percent_covered_display": "0.00", "missing_lines": 6, "excluded_lines": 0}, "missing_lines": [203, 204, 210, 211, 212, 214], "excluded_lines": []}, "ResourceMonitor.clear_history": {"executed_lines": [], "summary": {"covered_lines": 0, "num_statements": 2, "percent_covered": 0.0, "percent_covered_display": "0.00", "missing_lines": 2, "excluded_lines": 0}, "missing_lines": [236, 237], "excluded_lines": []}, "": {"executed_lines": [1, 3, 4, 6, 8, 10, 13, 14, 15, 17, 18, 19, 20, 21, 22, 25, 26, 27, 29, 30, 31, 32, 35, 36, 38, 56, 62, 72, 85, 122, 161, 197, 234], "summary": {"covered_lines": 29, "num_statements": 29, "percent_covered": 100.0, "percent_covered_display": "100.00", "missing_lines": 0, "excluded_lines": 0}, "missing_lines": [], "excluded_lines": []}}, "classes": {"ResourceSnapshot": {"executed_lines": [], "summary": {"covered_lines": 0, "num_statements": 0, "percent_covered": 100.0, "percent_covered_display": "100.00", "missing_lines": 0, "excluded_lines": 0}, "missing_lines": [], "excluded_lines": []}, "ResourceLimits": {"executed_lines": [], "summary": {"covered_lines": 0, "num_statements": 0, "percent_covered": 100.0, "percent_covered_display": "100.00", "missing_lines": 0, "excluded_lines": 0}, "missing_lines": [], "excluded_lines": []}, "ResourceMonitor": {"executed_lines": [], "summary": {"covered_lines": 0, "num_statements": 66, "percent_covered": 0.0, "percent_covered_display": "0.00", "missing_lines": 66, "excluded_lines": 0}, "missing_lines": [49, 50, 51, 52, 53, 54, 58, 59, 60, 64, 65, 66, 67, 68, 69, 70, 74, 75, 76, 77, 78, 80, 81, 82, 83, 94, 96, 97, 100, 102, 112, 113, 114, 116, 118, 119, 120, 129, 130, 136, 137, 144, 145, 152, 153, 154, 155, 170, 171, 173, 176, 177, 178, 184, 187, 188, 193, 195, 203, 204, 210, 211, 212, 214, 236, 237], "excluded_lines": []}, "": {"executed_lines": [1, 3, 4, 6, 8, 10, 13, 14, 15, 17, 18, 19, 20, 21, 22, 25, 26, 27, 29, 30, 31, 32, 35, 36, 38, 56, 62, 72, 85, 122, 161, 197, 234], "summary": {"covered_lines": 29, "num_statements": 29, "percent_covered": 100.0, "percent_covered_display": "100.00", "missing_lines": 0, "excluded_lines": 0}, "missing_lines": [], "excluded_lines": []}}}, ".abathur/worktrees/task-006-testing/src/abathur/application/swarm_orchestrator.py": {"executed_lines": [1, 3, 4, 5, 7, 8, 9, 10, 12, 15, 16, 18, 46, 142, 215, 230, 245, 259], "summary": {"covered_lines": 16, "num_statements": 89, "percent_covered": 17.97752808988764, "percent_covered_display": "17.98", "missing_lines": 73, "excluded_lines": 0}, "missing_lines": [35, 36, 37, 38, 39, 40, 41, 42, 43, 44, 60, 61, 63, 70, 72, 73, 75, 77, 79, 81, 84, 87, 89, 97, 101, 104, 109, 112, 114, 117, 118, 119, 121, 126, 128, 129, 135, 136, 137, 138, 140, 151, 152, 154, 155, 161, 164, 166, 167, 174, 183, 187, 188, 190, 191, 199, 202, 208, 209, 212, 213, 224, 228, 236, 247, 250, 251, 254, 255, 257, 261, 262, 263], "excluded_lines": [], "functions": {"SwarmOrchestrator.__init__": {"executed_lines": [], "summary": {"covered_lines": 0, "num_statements": 10, "percent_covered": 0.0, "percent_covered_display": "0.00", "missing_lines": 10, "excluded_lines": 0}, "missing_lines": [35, 36, 37, 38, 39, 40, 41, 42, 43, 44], "excluded_lines": []}, "SwarmOrchestrator.start_swarm": {"executed_lines": [], "summary": {"covered_lines": 0, "num_statements": 31, "percent_covered": 0.0, "percent_covered_display": "0.00", "missing_lines": 31, "excluded_lines": 0}, "missing_lines": [60, 61, 63, 70, 72, 73, 75, 77, 79, 81, 84, 87, 89, 97, 101, 104, 109, 112, 114, 117, 118, 119, 121, 126, 128, 129, 135, 136, 137, 138, 140], "excluded_lines": []}, "SwarmOrchestrator._execute_with_semaphore": {"executed_lines": [], "summary": {"covered_lines": 0, "num_statements": 20, "percent_covered": 0.0, "percent_covered_display": "0.00", "missing_lines": 20, "excluded_lines": 0}, "missing_lines": [151, 152, 154, 155, 161, 164, 166, 167, 174, 183, 187, 188, 190, 191, 199, 202, 208, 209, 212, 213], "excluded_lines": []}, "SwarmOrchestrator.execute_batch": {"executed_lines": [], "summary": {"covered_lines": 0, "num_statements": 2, "percent_covered": 0.0, "percent_covered_display": "0.00", "missing_lines": 2, "excluded_lines": 0}, "missing_lines": [224, 228], "excluded_lines": []}, "SwarmOrchestrator.get_swarm_status": {"executed_lines": [], "summary": {"covered_lines": 0, "num_statements": 1, "percent_covered": 0.0, "percent_covered_display": "0.00", "missing_lines": 1, "excluded_lines": 0}, "missing_lines": [236], "excluded_lines": []}, "SwarmOrchestrator.shutdown": {"executed_lines": [], "summary": {"covered_lines": 0, "num_statements": 6, "percent_covered": 0.0, "percent_covered_display": "0.00", "missing_lines": 6, "excluded_lines": 0}, "missing_lines": [247, 250, 251, 254, 255, 257], "excluded_lines": []}, "SwarmOrchestrator.reset": {"executed_lines": [], "summary": {"covered_lines": 0, "num_statements": 3, "percent_covered": 0.0, "percent_covered_display": "0.00", "missing_lines": 3, "excluded_lines": 0}, "missing_lines": [261, 262, 263], "excluded_lines": []}, "": {"executed_lines": [1, 3, 4, 5, 7, 8, 9, 10, 12, 15, 16, 18, 46, 142, 215, 230, 245, 259], "summary": {"covered_lines": 16, "num_statements": 16, "percent_covered": 100.0, "percent_covered_display": "100.00", "missing_lines": 0, "excluded_lines": 0}, "missing_lines": [], "excluded_lines": []}}, "classes": {"SwarmOrchestrator": {"executed_lines": [], "summary": {"covered_lines": 0, "num_statements": 73, "percent_covered": 0.0, "percent_covered_display": "0.00", "missing_lines": 73, "excluded_lines": 0}, "missing_lines": [35, 36, 37, 38, 39, 40, 41, 42, 43, 44, 60, 61, 63, 70, 72, 73, 75, 77, 79, 81, 84, 87, 89, 97, 101, 104, 109, 112, 114, 117, 118, 119, 121, 126, 128, 129, 135, 136, 137, 138, 140, 151, 152, 154, 155, 161, 164, 166, 167, 174, 183, 187, 188, 190, 191, 199, 202, 208, 209, 212, 213, 224, 228, 236, 247, 250, 251, 254, 255, 257, 261, 262, 263], "excluded_lines": []}, "": {"executed_lines": [1, 3, 4, 5, 7, 8, 9, 10, 12, 15, 16, 18, 46, 142, 215, 230, 245, 259], "summary": {"covered_lines": 16, "num_statements": 16, "percent_covered": 100.0, "percent_covered_display": "100.00", "missing_lines": 0, "excluded_lines": 0}, "missing_lines": [], "excluded_lines": []}}}, ".abathur/worktrees/task-006-testing/src/abathur/application/task_coordinator.py": {"executed_lines": [1, 3, 5, 6, 7, 9, 12, 13, 15, 21, 23, 38, 41, 42, 43, 49, 50, 60, 66, 71, 82, 92, 93, 99, 101, 111, 112, 117, 120, 121, 124, 125, 126, 134, 140, 142, 151, 153, 165, 199, 209, 210, 212, 213, 222, 225, 227, 232, 239, 240, 246, 248, 249, 255], "summary": {"covered_lines": 52, "num_statements": 78, "percent_covered": 66.66666666666667, "percent_covered_display": "66.67", "missing_lines": 26, "excluded_lines": 0}, "missing_lines": [67, 68, 69, 77, 78, 79, 80, 113, 114, 118, 119, 127, 132, 163, 174, 175, 176, 178, 179, 184, 186, 187, 192, 195, 196, 197], "excluded_lines": [], "functions": {"TaskCoordinator.__init__": {"executed_lines": [21], "summary": {"covered_lines": 1, "num_statements": 1, "percent_covered": 100.0, "percent_covered_display": "100.00", "missing_lines": 0, "excluded_lines": 0}, "missing_lines": [], "excluded_lines": []}, "TaskCoordinator.submit_task": {"executed_lines": [38, 41, 42, 43, 49, 50, 60, 66], "summary": {"covered_lines": 8, "num_statements": 11, "percent_covered": 72.72727272727273, "percent_covered_display": "72.73", "missing_lines": 3, "excluded_lines": 0}, "missing_lines": [67, 68, 69], "excluded_lines": []}, "TaskCoordinator.get_next_task": {"executed_lines": [], "summary": {"covered_lines": 0, "num_statements": 4, "percent_covered": 0.0, "percent_covered_display": "0.00", "missing_lines": 4, "excluded_lines": 0}, "missing_lines": [77, 78, 79, 80], "excluded_lines": []}, "TaskCoordinator.update_task_status": {"executed_lines": [92, 93, 99], "summary": {"covered_lines": 3, "num_statements": 3, "percent_covered": 100.0, "percent_covered_display": "100.00", "missing_lines": 0, "excluded_lines": 0}, "missing_lines": [], "excluded_lines": []}, "TaskCoordinator.cancel_task": {"executed_lines": [111, 112, 117, 120, 121, 124, 125, 126, 134, 140], "summary": {"covered_lines": 10, "num_statements": 16, "percent_covered": 62.5, "percent_covered_display": "62.50", "missing_lines": 6, "excluded_lines": 0}, "missing_lines": [113, 114, 118, 119, 127, 132], "excluded_lines": []}, "TaskCoordinator.get_task": {"executed_lines": [151], "summary": {"covered_lines": 1, "num_statements": 1, "percent_covered": 100.0, "percent_covered_display": "100.00", "missing_lines": 0, "excluded_lines": 0}, "missing_lines": [], "excluded_lines": []}, "TaskCoordinator.list_tasks": {"executed_lines": [], "summary": {"covered_lines": 0, "num_statements": 1, "percent_covered": 0.0, "percent_covered_display": "0.00", "missing_lines": 1, "excluded_lines": 0}, "missing_lines": [163], "excluded_lines": []}, "TaskCoordinator.retry_task": {"executed_lines": [], "summary": {"covered_lines": 0, "num_statements": 12, "percent_covered": 0.0, "percent_covered_display": "0.00", "missing_lines": 12, "excluded_lines": 0}, "missing_lines": [174, 175, 176, 178, 179, 184, 186, 187, 192, 195, 196, 197], "excluded_lines": []}, "TaskCoordinator.handle_stale_tasks": {"executed_lines": [209, 210, 212, 213, 222, 225, 227, 232, 239, 240, 246, 248, 249, 255], "summary": {"covered_lines": 14, "num_statements": 14, "percent_covered": 100.0, "percent_covered_display": "100.00", "missing_lines": 0, "excluded_lines": 0}, "missing_lines": [], "excluded_lines": []}, "": {"executed_lines": [1, 3, 5, 6, 7, 9, 12, 13, 15, 23, 71, 82, 101, 142, 153, 165, 199], "summary": {"covered_lines": 15, "num_statements": 15, "percent_covered": 100.0, "percent_covered_display": "100.00", "missing_lines": 0, "excluded_lines": 0}, "missing_lines": [], "excluded_lines": []}}, "classes": {"TaskCoordinator": {"executed_lines": [21, 38, 41, 42, 43, 49, 50, 60, 66, 92, 93, 99, 111, 112, 117, 120, 121, 124, 125, 126, 134, 140, 151, 209, 210, 212, 213, 222, 225, 227, 232, 239, 240, 246, 248, 249, 255], "summary": {"covered_lines": 37, "num_statements": 63, "percent_covered": 58.73015873015873, "percent_covered_display": "58.73", "missing_lines": 26, "excluded_lines": 0}, "missing_lines": [67, 68, 69, 77, 78, 79, 80, 113, 114, 118, 119, 127, 132, 163, 174, 175, 176, 178, 179, 184, 186, 187, 192, 195, 196, 197], "excluded_lines": []}, "": {"executed_lines": [1, 3, 5, 6, 7, 9, 12, 13, 15, 23, 71, 82, 101, 142, 153, 165, 199], "summary": {"covered_lines": 15, "num_statements": 15, "percent_covered": 100.0, "percent_covered_display": "100.00", "missing_lines": 0, "excluded_lines": 0}, "missing_lines": [], "excluded_lines": []}}}, ".abathur/worktrees/task-006-testing/src/abathur/application/template_manager.py": {"executed_lines": [1, 3, 4, 5, 6, 7, 9, 11, 14, 15, 16, 18, 19, 20, 21, 22, 23, 26, 27, 28, 30, 31, 32, 34, 35, 40, 41, 43, 54, 147, 194, 281, 353, 433, 448, 495, 524, 556, 564], "summary": {"covered_lines": 35, "num_statements": 273, "percent_covered": 12.820512820512821, "percent_covered_display": "12.82", "missing_lines": 238, "excluded_lines": 0}, "missing_lines": [37, 50, 51, 52, 68, 69, 72, 73, 76, 77, 78, 80, 83, 84, 87, 90, 91, 94, 97, 98, 101, 103, 104, 106, 108, 109, 112, 114, 117, 126, 127, 130, 132, 133, 134, 135, 137, 138, 140, 141, 143, 144, 145, 157, 160, 161, 162, 165, 166, 167, 169, 170, 172, 173, 176, 177, 180, 181, 185, 203, 204, 207, 208, 209, 211, 212, 213, 214, 215, 218, 219, 220, 223, 224, 227, 228, 231, 233, 234, 236, 237, 238, 239, 241, 242, 243, 244, 246, 247, 248, 250, 251, 252, 254, 255, 256, 257, 259, 260, 262, 265, 267, 270, 271, 272, 273, 276, 277, 279, 295, 298, 300, 302, 304, 305, 307, 308, 309, 310, 312, 313, 316, 317, 319, 320, 322, 324, 325, 328, 329, 330, 331, 332, 335, 342, 343, 344, 345, 347, 349, 350, 351, 369, 370, 373, 374, 376, 377, 381, 382, 383, 385, 386, 387, 388, 391, 392, 393, 396, 399, 400, 402, 405, 406, 408, 409, 410, 411, 412, 414, 415, 418, 419, 420, 421, 422, 423, 426, 427, 428, 430, 431, 442, 443, 444, 445, 446, 459, 460, 463, 464, 465, 467, 470, 471, 472, 473, 476, 483, 486, 487, 489, 505, 506, 509, 510, 511, 513, 516, 519, 520, 522, 530, 531, 532, 534, 535, 536, 538, 539, 542, 544, 545, 546, 548, 549, 550, 554, 562, 570, 572, 573, 574, 575, 578, 579, 580, 581], "excluded_lines": [], "functions": {"ValidationResult.is_valid": {"executed_lines": [], "summary": {"covered_lines": 0, "num_statements": 1, "percent_covered": 0.0, "percent_covered_display": "0.00", "missing_lines": 1, "excluded_lines": 0}, "missing_lines": [37], "excluded_lines": []}, "TemplateManager.__init__": {"executed_lines": [], "summary": {"covered_lines": 0, "num_statements": 3, "percent_covered": 0.0, "percent_covered_display": "0.00", "missing_lines": 3, "excluded_lines": 0}, "missing_lines": [50, 51, 52], "excluded_lines": []}, "TemplateManager.clone_template": {"executed_lines": [], "summary": {"covered_lines": 0, "num_statements": 39, "percent_covered": 0.0, "percent_covered_display": "0.00", "missing_lines": 39, "excluded_lines": 0}, "missing_lines": [68, 69, 72, 73, 76, 77, 78, 80, 83, 84, 87, 90, 91, 94, 97, 98, 101, 103, 104, 106, 108, 109, 112, 114, 117, 126, 127, 130, 132, 133, 134, 135, 137, 138, 140, 141, 143, 144, 145], "excluded_lines": []}, "TemplateManager._load_template": {"executed_lines": [], "summary": {"covered_lines": 0, "num_statements": 16, "percent_covered": 0.0, "percent_covered_display": "0.00", "missing_lines": 16, "excluded_lines": 0}, "missing_lines": [157, 160, 161, 162, 165, 166, 167, 169, 170, 172, 173, 176, 177, 180, 181, 185], "excluded_lines": []}, "TemplateManager.validate_template": {"executed_lines": [], "summary": {"covered_lines": 0, "num_statements": 50, "percent_covered": 0.0, "percent_covered_display": "0.00", "missing_lines": 50, "excluded_lines": 0}, "missing_lines": [203, 204, 207, 208, 209, 211, 212, 213, 214, 215, 218, 219, 220, 223, 224, 227, 228, 231, 233, 234, 236, 237, 238, 239, 241, 242, 243, 244, 246, 247, 248, 250, 251, 252, 254, 255, 256, 257, 259, 260, 262, 265, 267, 270, 271, 272, 273, 276, 277, 279], "excluded_lines": []}, "TemplateManager.install_template": {"executed_lines": [], "summary": {"covered_lines": 0, "num_statements": 32, "percent_covered": 0.0, "percent_covered_display": "0.00", "missing_lines": 32, "excluded_lines": 0}, "missing_lines": [295, 298, 302, 304, 305, 307, 308, 309, 310, 312, 313, 316, 317, 319, 320, 322, 324, 325, 328, 329, 330, 331, 332, 335, 342, 343, 344, 345, 347, 349, 350, 351], "excluded_lines": []}, "TemplateManager.install_template.ignore_git": {"executed_lines": [], "summary": {"covered_lines": 0, "num_statements": 1, "percent_covered": 0.0, "percent_covered_display": "0.00", "missing_lines": 1, "excluded_lines": 0}, "missing_lines": [300], "excluded_lines": []}, "TemplateManager._update_claude_directory": {"executed_lines": [], "summary": {"covered_lines": 0, "num_statements": 40, "percent_covered": 0.0, "percent_covered_display": "0.00", "missing_lines": 40, "excluded_lines": 0}, "missing_lines": [369, 370, 373, 374, 376, 377, 381, 382, 383, 385, 386, 387, 388, 391, 392, 393, 396, 399, 400, 402, 405, 406, 408, 409, 410, 411, 412, 414, 415, 418, 419, 420, 421, 422, 423, 426, 427, 428, 430, 431], "excluded_lines": []}, "TemplateManager._merge_configs": {"executed_lines": [], "summary": {"covered_lines": 0, "num_statements": 5, "percent_covered": 0.0, "percent_covered_display": "0.00", "missing_lines": 5, "excluded_lines": 0}, "missing_lines": [442, 443, 444, 445, 446], "excluded_lines": []}, "TemplateManager._merge_mcp_config": {"executed_lines": [], "summary": {"covered_lines": 0, "num_statements": 15, "percent_covered": 0.0, "percent_covered_display": "0.00", "missing_lines": 15, "excluded_lines": 0}, "missing_lines": [459, 460, 463, 464, 465, 467, 470, 471, 472, 473, 476, 483, 486, 487, 489], "excluded_lines": []}, "TemplateManager._merge_claude_settings": {"executed_lines": [], "summary": {"covered_lines": 0, "num_statements": 10, "percent_covered": 0.0, "percent_covered_display": "0.00", "missing_lines": 10, "excluded_lines": 0}, "missing_lines": [505, 506, 509, 510, 511, 513, 516, 519, 520, 522], "excluded_lines": []}, "TemplateManager.list_cached_templates": {"executed_lines": [], "summary": {"covered_lines": 0, "num_statements": 16, "percent_covered": 0.0, "percent_covered_display": "0.00", "missing_lines": 16, "excluded_lines": 0}, "missing_lines": [530, 531, 532, 534, 535, 536, 538, 539, 542, 544, 545, 546, 548, 549, 550, 554], "excluded_lines": []}, "TemplateManager.list_templates": {"executed_lines": [], "summary": {"covered_lines": 0, "num_statements": 1, "percent_covered": 0.0, "percent_covered_display": "0.00", "missing_lines": 1, "excluded_lines": 0}, "missing_lines": [562], "excluded_lines": []}, "TemplateManager.clear_cache": {"executed_lines": [], "summary": {"covered_lines": 0, "num_statements": 9, "percent_covered": 0.0, "percent_covered_display": "0.00", "missing_lines": 9, "excluded_lines": 0}, "missing_lines": [570, 572, 573, 574, 575, 578, 579, 580, 581], "excluded_lines": []}, "": {"executed_lines": [1, 3, 4, 5, 6, 7, 9, 11, 14, 15, 16, 18, 19, 20, 21, 22, 23, 26, 27, 28, 30, 31, 32, 34, 35, 40, 41, 43, 54, 147, 194, 281, 353, 433, 448, 495, 524, 556, 564], "summary": {"covered_lines": 35, "num_statements": 35, "percent_covered": 100.0, "percent_covered_display": "100.00", "missing_lines": 0, "excluded_lines": 0}, "missing_lines": [], "excluded_lines": []}}, "classes": {"Template": {"executed_lines": [], "summary": {"covered_lines": 0, "num_statements": 0, "percent_covered": 100.0, "percent_covered_display": "100.00", "missing_lines": 0, "excluded_lines": 0}, "missing_lines": [], "excluded_lines": []}, "ValidationResult": {"executed_lines": [], "summary": {"covered_lines": 0, "num_statements": 1, "percent_covered": 0.0, "percent_covered_display": "0.00", "missing_lines": 1, "excluded_lines": 0}, "missing_lines": [37], "excluded_lines": []}, "TemplateManager": {"executed_lines": [], "summary": {"covered_lines": 0, "num_statements": 237, "percent_covered": 0.0, "percent_covered_display": "0.00", "missing_lines": 237, "excluded_lines": 0}, "missing_lines": [50, 51, 52, 68, 69, 72, 73, 76, 77, 78, 80, 83, 84, 87, 90, 91, 94, 97, 98, 101, 103, 104, 106, 108, 109, 112, 114, 117, 126, 127, 130, 132, 133, 134, 135, 137, 138, 140, 141, 143, 144, 145, 157, 160, 161, 162, 165, 166, 167, 169, 170, 172, 173, 176, 177, 180, 181, 185, 203, 204, 207, 208, 209, 211, 212, 213, 214, 215, 218, 219, 220, 223, 224, 227, 228, 231, 233, 234, 236, 237, 238, 239, 241, 242, 243, 244, 246, 247, 248, 250, 251, 252, 254, 255, 256, 257, 259, 260, 262, 265, 267, 270, 271, 272, 273, 276, 277, 279, 295, 298, 300, 302, 304, 305, 307, 308, 309, 310, 312, 313, 316, 317, 319, 320, 322, 324, 325, 328, 329, 330, 331, 332, 335, 342, 343, 344, 345, 347, 349, 350, 351, 369, 370, 373, 374, 376, 377, 381, 382, 383, 385, 386, 387, 388, 391, 392, 393, 396, 399, 400, 402, 405, 406, 408, 409, 410, 411, 412, 414, 415, 418, 419, 420, 421, 422, 423, 426, 427, 428, 430, 431, 442, 443, 444, 445, 446, 459, 460, 463, 464, 465, 467, 470, 471, 472, 473, 476, 483, 486, 487, 489, 505, 506, 509, 510, 511, 513, 516, 519, 520, 522, 530, 531, 532, 534, 535, 536, 538, 539, 542, 544, 545, 546, 548, 549, 550, 554, 562, 570, 572, 573, 574, 575, 578, 579, 580, 581], "excluded_lines": []}, "": {"executed_lines": [1, 3, 4, 5, 6, 7, 9, 11, 14, 15, 16, 18, 19, 20, 21, 22, 23, 26, 27, 28, 30, 31, 32, 34, 35, 40, 41, 43, 54, 147, 194, 281, 353, 433, 448, 495, 524, 556, 564], "summary": {"covered_lines": 35, "num_statements": 35, "percent_covered": 100.0, "percent_covered_display": "100.00", "missing_lines": 0, "excluded_lines": 0}, "missing_lines": [], "excluded_lines": []}}}, ".abathur/worktrees/task-006-testing/src/abathur/cli/__init__.py": {"executed_lines": [], "summary": {"covered_lines": 0, "num_statements": 2, "percent_covered": 0.0, "percent_covered_display": "0.00", "missing_lines": 2, "excluded_lines": 0}, "missing_lines": [3, 5], "excluded_lines": [], "functions": {"": {"executed_lines": [], "summary": {"covered_lines": 0, "num_statements": 2, "percent_covered": 0.0, "percent_covered_display": "0.00", "missing_lines": 2, "excluded_lines": 0}, "missing_lines": [3, 5], "excluded_lines": []}}, "classes": {"": {"executed_lines": [], "summary": {"covered_lines": 0, "num_statements": 2, "percent_covered": 0.0, "percent_covered_display": "0.00", "missing_lines": 2, "excluded_lines": 0}, "missing_lines": [3, 5], "excluded_lines": []}}}, ".abathur/worktrees/task-006-testing/src/abathur/cli/main.py": {"executed_lines": [], "summary": {"covered_lines": 0, "num_statements": 634, "percent_covered": 0.0, "percent_covered_display": "0.00", "missing_lines": 634, "excluded_lines": 0}, "missing_lines": [3, 4, 5, 6, 7, 8, 10, 11, 12, 13, 15, 18, 19, 22, 28, 32, 45, 48, 49, 50, 51, 54, 56, 57, 58, 59, 62, 64, 65, 66, 67, 68, 69, 70, 71, 74, 76, 80, 82, 93, 94, 95, 96, 97, 100, 101, 104, 106, 108, 109, 112, 114, 116, 118, 119, 120, 121, 123, 124, 125, 126, 127, 135, 136, 137, 140, 142, 143, 144, 150, 151, 152, 153, 154, 155, 157, 174, 175, 177, 181, 182, 185, 186, 204, 205, 206, 209, 210, 211, 212, 213, 214, 216, 217, 219, 220, 221, 223, 226, 227, 233, 234, 235, 237, 238, 240, 241, 242, 243, 244, 245, 246, 248, 250, 251, 260, 262, 265, 266, 269, 270, 272, 273, 274, 276, 277, 278, 280, 281, 282, 283, 284, 285, 286, 287, 288, 289, 290, 291, 292, 295, 296, 297, 298, 301, 302, 307, 308, 309, 310, 311, 313, 316, 317, 326, 327, 328, 330, 332, 333, 335, 336, 341, 343, 346, 347, 350, 351, 352, 353, 355, 356, 358, 360, 363, 364, 367, 368, 370, 371, 373, 374, 376, 377, 378, 380, 384, 385, 388, 389, 410, 411, 413, 415, 418, 419, 421, 422, 425, 426, 427, 428, 429, 430, 433, 435, 436, 437, 439, 440, 443, 444, 446, 448, 451, 457, 458, 459, 461, 462, 463, 464, 465, 466, 469, 471, 475, 476, 479, 480, 481, 483, 484, 485, 486, 487, 490, 491, 494, 495, 496, 498, 499, 500, 501, 503, 507, 508, 511, 512, 515, 516, 517, 519, 520, 521, 523, 524, 525, 527, 528, 530, 532, 535, 536, 542, 543, 545, 550, 552, 554, 556, 559, 560, 563, 564, 565, 567, 568, 569, 571, 573, 574, 576, 577, 578, 580, 584, 585, 588, 589, 592, 593, 594, 596, 597, 599, 600, 601, 602, 603, 606, 607, 608, 609, 617, 618, 619, 626, 628, 631, 632, 644, 646, 647, 648, 650, 651, 653, 655, 656, 657, 659, 661, 662, 665, 666, 668, 669, 670, 671, 674, 675, 679, 682, 683, 685, 686, 688, 690, 691, 692, 693, 696, 697, 707, 709, 710, 711, 713, 714, 716, 718, 719, 721, 724, 725, 727, 728, 730, 732, 735, 736, 746, 748, 749, 750, 752, 753, 756, 757, 760, 762, 763, 765, 768, 769, 771, 772, 774, 776, 779, 780, 791, 793, 795, 796, 797, 799, 800, 802, 803, 805, 806, 807, 808, 809, 812, 813, 815, 816, 817, 819, 820, 821, 822, 823, 824, 825, 826, 827, 830, 831, 833, 834, 836, 837, 838, 839, 840, 843, 844, 845, 846, 854, 855, 856, 863, 865, 869, 870, 873, 874, 886, 887, 888, 890, 892, 893, 894, 895, 896, 898, 903, 906, 907, 908, 909, 910, 911, 913, 914, 916, 917, 919, 924, 925, 926, 928, 932, 933, 936, 937, 938, 939, 940, 941, 943, 944, 945, 946, 947, 950, 951, 953, 957, 958, 961, 962, 965, 966, 967, 969, 970, 971, 973, 974, 976, 977, 979, 981, 984, 985, 988, 989, 990, 991, 993, 994, 996, 998, 1002, 1003, 1006, 1007, 1010, 1011, 1013, 1014, 1016, 1017, 1018, 1019, 1020, 1021, 1023, 1026, 1027, 1029, 1030, 1032, 1033, 1034, 1035, 1036, 1037, 1038, 1039, 1040, 1043, 1044, 1049, 1050, 1052, 1053, 1054, 1055, 1056, 1057, 1058, 1062, 1063, 1106, 1107, 1109, 1111, 1114, 1115, 1116, 1118, 1119, 1122, 1124, 1125, 1126, 1128, 1131, 1132, 1133, 1134, 1137, 1138, 1141, 1142, 1143, 1144, 1145, 1147, 1148, 1149, 1151, 1152, 1153, 1156, 1158, 1159, 1161, 1162, 1163, 1165, 1167, 1172, 1175, 1179, 1181, 1186, 1191, 1193, 1194, 1195, 1196, 1199, 1200, 1204, 1207, 1208, 1211, 1212, 1213, 1216, 1217, 1218, 1219, 1221, 1222, 1223, 1224, 1225, 1226, 1228, 1232, 1233, 1236, 1237, 1238, 1240, 1241, 1242, 1243, 1244, 1245, 1246, 1248, 1252, 1254, 1255, 1256, 1257, 1258, 1259, 1260, 1261, 1264, 1265], "excluded_lines": [], "functions": {"_resolve_task_id": {"executed_lines": [], "summary": {"covered_lines": 0, "num_statements": 21, "percent_covered": 0.0, "percent_covered_display": "0.00", "missing_lines": 21, "excluded_lines": 0}, "missing_lines": [45, 48, 49, 50, 51, 54, 56, 57, 58, 59, 62, 64, 65, 66, 67, 68, 69, 70, 71, 74, 76], "excluded_lines": []}, "_get_services": {"executed_lines": [], "summary": {"covered_lines": 0, "num_statements": 38, "percent_covered": 0.0, "percent_covered_display": "0.00", "missing_lines": 38, "excluded_lines": 0}, "missing_lines": [82, 93, 94, 95, 96, 97, 100, 101, 104, 106, 108, 109, 112, 114, 116, 118, 119, 120, 121, 123, 124, 125, 126, 127, 135, 136, 137, 140, 142, 143, 144, 150, 151, 152, 153, 154, 155, 157], "excluded_lines": []}, "version": {"executed_lines": [], "summary": {"covered_lines": 0, "num_statements": 1, "percent_covered": 0.0, "percent_covered_display": "0.00", "missing_lines": 1, "excluded_lines": 0}, "missing_lines": [177], "excluded_lines": []}, "submit": {"executed_lines": [], "summary": {"covered_lines": 0, "num_statements": 2, "percent_covered": 0.0, "percent_covered_display": "0.00", "missing_lines": 2, "excluded_lines": 0}, "missing_lines": [204, 223], "excluded_lines": []}, "submit._submit": {"executed_lines": [], "summary": {"covered_lines": 0, "num_statements": 13, "percent_covered": 0.0, "percent_covered_display": "0.00", "missing_lines": 13, "excluded_lines": 0}, "missing_lines": [205, 206, 209, 210, 211, 212, 213, 214, 216, 217, 219, 220, 221], "excluded_lines": []}, "list_tasks": {"executed_lines": [], "summary": {"covered_lines": 0, "num_statements": 2, "percent_covered": 0.0, "percent_covered_display": "0.00", "missing_lines": 2, "excluded_lines": 0}, "missing_lines": [233, 262], "excluded_lines": []}, "list_tasks._list": {"executed_lines": [], "summary": {"covered_lines": 0, "num_statements": 15, "percent_covered": 0.0, "percent_covered_display": "0.00", "missing_lines": 15, "excluded_lines": 0}, "missing_lines": [234, 235, 237, 238, 240, 241, 242, 243, 244, 245, 246, 248, 250, 251, 260], "excluded_lines": []}, "task_status": {"executed_lines": [], "summary": {"covered_lines": 0, "num_statements": 2, "percent_covered": 0.0, "percent_covered_display": "0.00", "missing_lines": 2, "excluded_lines": 0}, "missing_lines": [269, 313], "excluded_lines": []}, "task_status._status": {"executed_lines": [], "summary": {"covered_lines": 0, "num_statements": 31, "percent_covered": 0.0, "percent_covered_display": "0.00", "missing_lines": 31, "excluded_lines": 0}, "missing_lines": [270, 272, 273, 274, 276, 277, 278, 280, 281, 282, 283, 284, 285, 286, 287, 288, 289, 290, 291, 292, 295, 296, 297, 298, 301, 302, 307, 308, 309, 310, 311], "excluded_lines": []}, "cancel": {"executed_lines": [], "summary": {"covered_lines": 0, "num_statements": 2, "percent_covered": 0.0, "percent_covered_display": "0.00", "missing_lines": 2, "excluded_lines": 0}, "missing_lines": [326, 343], "excluded_lines": []}, "cancel._cancel": {"executed_lines": [], "summary": {"covered_lines": 0, "num_statements": 8, "percent_covered": 0.0, "percent_covered_display": "0.00", "missing_lines": 8, "excluded_lines": 0}, "missing_lines": [327, 328, 330, 332, 333, 335, 336, 341], "excluded_lines": []}, "retry": {"executed_lines": [], "summary": {"covered_lines": 0, "num_statements": 2, "percent_covered": 0.0, "percent_covered_display": "0.00", "missing_lines": 2, "excluded_lines": 0}, "missing_lines": [350, 360], "excluded_lines": []}, "retry._retry": {"executed_lines": [], "summary": {"covered_lines": 0, "num_statements": 6, "percent_covered": 0.0, "percent_covered_display": "0.00", "missing_lines": 6, "excluded_lines": 0}, "missing_lines": [351, 352, 353, 355, 356, 358], "excluded_lines": []}, "check_stale": {"executed_lines": [], "summary": {"covered_lines": 0, "num_statements": 2, "percent_covered": 0.0, "percent_covered_display": "0.00", "missing_lines": 2, "excluded_lines": 0}, "missing_lines": [367, 380], "excluded_lines": []}, "check_stale._check_stale": {"executed_lines": [], "summary": {"covered_lines": 0, "num_statements": 8, "percent_covered": 0.0, "percent_covered_display": "0.00", "missing_lines": 8, "excluded_lines": 0}, "missing_lines": [368, 370, 371, 373, 374, 376, 377, 378], "excluded_lines": []}, "start_swarm": {"executed_lines": [], "summary": {"covered_lines": 0, "num_statements": 6, "percent_covered": 0.0, "percent_covered_display": "0.00", "missing_lines": 6, "excluded_lines": 0}, "missing_lines": [410, 483, 484, 485, 486, 487], "excluded_lines": []}, "start_swarm._start": {"executed_lines": [], "summary": {"covered_lines": 0, "num_statements": 38, "percent_covered": 0.0, "percent_covered_display": "0.00", "missing_lines": 38, "excluded_lines": 0}, "missing_lines": [411, 413, 415, 418, 419, 421, 422, 425, 426, 427, 428, 429, 430, 433, 435, 439, 440, 443, 444, 446, 448, 451, 457, 458, 459, 461, 462, 463, 464, 465, 466, 469, 471, 475, 476, 479, 480, 481], "excluded_lines": []}, "start_swarm._start.signal_handler": {"executed_lines": [], "summary": {"covered_lines": 0, "num_statements": 2, "percent_covered": 0.0, "percent_covered_display": "0.00", "missing_lines": 2, "excluded_lines": 0}, "missing_lines": [436, 437], "excluded_lines": []}, "swarm_status": {"executed_lines": [], "summary": {"covered_lines": 0, "num_statements": 2, "percent_covered": 0.0, "percent_covered_display": "0.00", "missing_lines": 2, "excluded_lines": 0}, "missing_lines": [494, 503], "excluded_lines": []}, "swarm_status._status": {"executed_lines": [], "summary": {"covered_lines": 0, "num_statements": 6, "percent_covered": 0.0, "percent_covered_display": "0.00", "missing_lines": 6, "excluded_lines": 0}, "missing_lines": [495, 496, 498, 499, 500, 501], "excluded_lines": []}, "template_list": {"executed_lines": [], "summary": {"covered_lines": 0, "num_statements": 2, "percent_covered": 0.0, "percent_covered_display": "0.00", "missing_lines": 2, "excluded_lines": 0}, "missing_lines": [515, 532], "excluded_lines": []}, "template_list._list": {"executed_lines": [], "summary": {"covered_lines": 0, "num_statements": 11, "percent_covered": 0.0, "percent_covered_display": "0.00", "missing_lines": 11, "excluded_lines": 0}, "missing_lines": [516, 517, 519, 520, 521, 523, 524, 525, 527, 528, 530], "excluded_lines": []}, "template_install": {"executed_lines": [], "summary": {"covered_lines": 0, "num_statements": 2, "percent_covered": 0.0, "percent_covered_display": "0.00", "missing_lines": 2, "excluded_lines": 0}, "missing_lines": [542, 556], "excluded_lines": []}, "template_install._install": {"executed_lines": [], "summary": {"covered_lines": 0, "num_statements": 5, "percent_covered": 0.0, "percent_covered_display": "0.00", "missing_lines": 5, "excluded_lines": 0}, "missing_lines": [543, 545, 550, 552, 554], "excluded_lines": []}, "template_validate": {"executed_lines": [], "summary": {"covered_lines": 0, "num_statements": 2, "percent_covered": 0.0, "percent_covered_display": "0.00", "missing_lines": 2, "excluded_lines": 0}, "missing_lines": [563, 580], "excluded_lines": []}, "template_validate._validate": {"executed_lines": [], "summary": {"covered_lines": 0, "num_statements": 11, "percent_covered": 0.0, "percent_covered_display": "0.00", "missing_lines": 11, "excluded_lines": 0}, "missing_lines": [564, 565, 567, 568, 569, 571, 573, 574, 576, 577, 578], "excluded_lines": []}, "mcp_list": {"executed_lines": [], "summary": {"covered_lines": 0, "num_statements": 2, "percent_covered": 0.0, "percent_covered_display": "0.00", "missing_lines": 2, "excluded_lines": 0}, "missing_lines": [592, 628], "excluded_lines": []}, "mcp_list._list": {"executed_lines": [], "summary": {"covered_lines": 0, "num_statements": 17, "percent_covered": 0.0, "percent_covered_display": "0.00", "missing_lines": 17, "excluded_lines": 0}, "missing_lines": [593, 594, 596, 597, 599, 600, 601, 602, 603, 606, 607, 608, 609, 617, 618, 619, 626], "excluded_lines": []}, "mcp_start": {"executed_lines": [], "summary": {"covered_lines": 0, "num_statements": 5, "percent_covered": 0.0, "percent_covered_display": "0.00", "missing_lines": 5, "excluded_lines": 0}, "missing_lines": [644, 690, 691, 692, 693], "excluded_lines": []}, "mcp_start._start": {"executed_lines": [], "summary": {"covered_lines": 0, "num_statements": 26, "percent_covered": 0.0, "percent_covered_display": "0.00", "missing_lines": 26, "excluded_lines": 0}, "missing_lines": [646, 647, 648, 650, 651, 653, 655, 656, 657, 659, 661, 662, 665, 666, 668, 669, 670, 671, 674, 675, 679, 682, 683, 685, 686, 688], "excluded_lines": []}, "mcp_stop": {"executed_lines": [], "summary": {"covered_lines": 0, "num_statements": 2, "percent_covered": 0.0, "percent_covered_display": "0.00", "missing_lines": 2, "excluded_lines": 0}, "missing_lines": [707, 732], "excluded_lines": []}, "mcp_stop._stop": {"executed_lines": [], "summary": {"covered_lines": 0, "num_statements": 14, "percent_covered": 0.0, "percent_covered_display": "0.00", "missing_lines": 14, "excluded_lines": 0}, "missing_lines": [709, 710, 711, 713, 714, 716, 718, 719, 721, 724, 725, 727, 728, 730], "excluded_lines": []}, "mcp_restart": {"executed_lines": [], "summary": {"covered_lines": 0, "num_statements": 2, "percent_covered": 0.0, "percent_covered_display": "0.00", "missing_lines": 2, "excluded_lines": 0}, "missing_lines": [746, 776], "excluded_lines": []}, "mcp_restart._restart": {"executed_lines": [], "summary": {"covered_lines": 0, "num_statements": 16, "percent_covered": 0.0, "percent_covered_display": "0.00", "missing_lines": 16, "excluded_lines": 0}, "missing_lines": [748, 749, 750, 752, 753, 756, 757, 760, 762, 763, 765, 768, 769, 771, 772, 774], "excluded_lines": []}, "mcp_status": {"executed_lines": [], "summary": {"covered_lines": 0, "num_statements": 2, "percent_covered": 0.0, "percent_covered_display": "0.00", "missing_lines": 2, "excluded_lines": 0}, "missing_lines": [791, 865], "excluded_lines": []}, "mcp_status._status": {"executed_lines": [], "summary": {"covered_lines": 0, "num_statements": 44, "percent_covered": 0.0, "percent_covered_display": "0.00", "missing_lines": 44, "excluded_lines": 0}, "missing_lines": [793, 795, 796, 797, 799, 800, 802, 803, 805, 806, 807, 808, 809, 812, 813, 815, 816, 817, 819, 820, 821, 822, 823, 824, 825, 826, 827, 830, 831, 833, 834, 836, 837, 838, 839, 840, 843, 844, 845, 846, 854, 855, 856, 863], "excluded_lines": []}, "loop_start": {"executed_lines": [], "summary": {"covered_lines": 0, "num_statements": 2, "percent_covered": 0.0, "percent_covered_display": "0.00", "missing_lines": 2, "excluded_lines": 0}, "missing_lines": [886, 928], "excluded_lines": []}, "loop_start._start": {"executed_lines": [], "summary": {"covered_lines": 0, "num_statements": 24, "percent_covered": 0.0, "percent_covered_display": "0.00", "missing_lines": 24, "excluded_lines": 0}, "missing_lines": [887, 888, 890, 892, 893, 894, 895, 896, 898, 903, 906, 907, 908, 909, 910, 911, 913, 914, 916, 917, 919, 924, 925, 926], "excluded_lines": []}, "resources": {"executed_lines": [], "summary": {"covered_lines": 0, "num_statements": 2, "percent_covered": 0.0, "percent_covered_display": "0.00", "missing_lines": 2, "excluded_lines": 0}, "missing_lines": [936, 953], "excluded_lines": []}, "resources._resources": {"executed_lines": [], "summary": {"covered_lines": 0, "num_statements": 12, "percent_covered": 0.0, "percent_covered_display": "0.00", "missing_lines": 12, "excluded_lines": 0}, "missing_lines": [937, 938, 939, 940, 941, 943, 944, 945, 946, 947, 950, 951], "excluded_lines": []}, "dlq_list": {"executed_lines": [], "summary": {"covered_lines": 0, "num_statements": 2, "percent_covered": 0.0, "percent_covered_display": "0.00", "missing_lines": 2, "excluded_lines": 0}, "missing_lines": [965, 981], "excluded_lines": []}, "dlq_list._list": {"executed_lines": [], "summary": {"covered_lines": 0, "num_statements": 10, "percent_covered": 0.0, "percent_covered_display": "0.00", "missing_lines": 10, "excluded_lines": 0}, "missing_lines": [966, 967, 969, 970, 971, 973, 974, 976, 977, 979], "excluded_lines": []}, "dlq_reprocess": {"executed_lines": [], "summary": {"covered_lines": 0, "num_statements": 2, "percent_covered": 0.0, "percent_covered_display": "0.00", "missing_lines": 2, "excluded_lines": 0}, "missing_lines": [988, 998], "excluded_lines": []}, "dlq_reprocess._reprocess": {"executed_lines": [], "summary": {"covered_lines": 0, "num_statements": 6, "percent_covered": 0.0, "percent_covered_display": "0.00", "missing_lines": 6, "excluded_lines": 0}, "missing_lines": [989, 990, 991, 993, 994, 996], "excluded_lines": []}, "config_show": {"executed_lines": [], "summary": {"covered_lines": 0, "num_statements": 2, "percent_covered": 0.0, "percent_covered_display": "0.00", "missing_lines": 2, "excluded_lines": 0}, "missing_lines": 
[...]
: []}, "MemoryService.get_memory_history": {"executed_lines": [], "summary": {"covered_lines": 0, "num_statements": 10, "percent_covered": 0.0, "percent_covered_display": "0.00", "missing_lines": 10, "excluded_lines": 0}, "missing_lines": [396, 397, 405, 408, 409, 410, 411, 412, 413, 415], "excluded_lines": []}, "MemoryService.cleanup_expired_memories": {"executed_lines": [], "summary": {"covered_lines": 0, "num_statements": 10, "percent_covered": 0.0, "percent_covered_display": "0.00", "missing_lines": 10, "excluded_lines": 0}, "missing_lines": [430, 431, 432, 433, 443, 444, 445, 446, 447, 448], "excluded_lines": []}, "": {"executed_lines": [], "summary": {"covered_lines": 0, "num_statements": 13, "percent_covered": 0.0, "percent_covered_display": "0.00", "missing_lines": 13, "excluded_lines": 0}, "missing_lines": [3, 4, 6, 9, 17, 25, 118, 169, 250, 301, 357, 378, 417], "excluded_lines": []}}, "classes": {"MemoryService": {"executed_lines": [], "summary": {"covered_lines": 0, "num_statements": 95, "percent_covered": 0.0, "percent_covered_display": "0.00", "missing_lines": 95, "excluded_lines": 0}, "missing_lines": [23, 63, 64, 65, 68, 69, 71, 72, 73, 75, 92, 93, 96, 112, 113, 114, 115, 116, 136, 137, 139, 150, 158, 159, 160, 163, 164, 165, 167, 201, 202, 203, 205, 213, 215, 216, 218, 219, 222, 229, 230, 233, 244, 245, 246, 247, 248, 268, 269, 270, 271, 280, 282, 284, 295, 296, 297, 298, 299, 323, 324, 325, 335, 345, 348, 349, 350, 351, 352, 353, 355, 367, 368, 375, 376, 396, 397, 405, 408, 409, 410, 411, 412, 413, 415, 430, 431, 432, 433, 443, 444, 445, 446, 447, 448], "excluded_lines": []}, "": {"executed_lines": [], "summary": {"covered_lines": 0, "num_statements": 13, "percent_covered": 0.0, "percent_covered_display": "0.00", "missing_lines": 13, "excluded_lines": 0}, "missing_lines": [3, 4, 6, 9, 17, 25, 118, 169, 250, 301, 357, 378, 417], "excluded_lines": []}}}, "src/abathur/services/priority_calculator.py": {"executed_lines": [], "summary": {"covered_lines": 0, "num_statements": 102, "percent_covered": 0.0, "percent_covered_display": "0.00", "missing_lines": 102, "excluded_lines": 3}, "missing_lines": [16, 17, 18, 19, 20, 22, 28, 31, 58, 80, 81, 82, 83, 84, 85, 88, 89, 90, 96, 102, 125, 127, 130, 133, 138, 141, 144, 153, 155, 162, 164, 165, 167, 169, 190, 192, 193, 194, 195, 196, 197, 200, 201, 202, 204, 209, 210, 212, 214, 215, 217, 238, 239, 240, 241, 242, 243, 244, 246, 274, 275, 277, 278, 281, 282, 285, 286, 289, 292, 293, 294, 297, 298, 299, 300, 301, 302, 303, 304, 306, 308, 332, 334, 335, 337, 338, 342, 343, 345, 346, 347, 349, 367, 368, 369, 370, 371, 372, 373, 374, 376, 377], "excluded_lines": [24, 25, 26], "functions": {"PriorityCalculator.__init__": {"executed_lines": [], "summary": {"covered_lines": 0, "num_statements": 10, "percent_covered": 0.0, "percent_covered_display": "0.00", "missing_lines": 10, "excluded_lines": 0}, "missing_lines": [80, 81, 82, 83, 84, 85, 88, 89, 90, 96], "excluded_lines": []}, "PriorityCalculator.calculate_priority": {"executed_lines": [], "summary": {"covered_lines": 0, "num_statements": 13, "percent_covered": 0.0, "percent_covered_display": "0.00", "missing_lines": 13, "excluded_lines": 0}, "missing_lines": [125, 127, 130, 133, 138, 141, 144, 153, 155, 162, 164, 165, 167], "excluded_lines": []}, "PriorityCalculator.recalculate_priorities": {"executed_lines": [], "summary": {"covered_lines": 0, "num_statements": 16, "percent_covered": 0.0, "percent_covered_display": "0.00", "missing_lines": 16, "excluded_lines": 0}, "missing_lines": [190, 192, 193, 194, 195, 196, 197, 200, 201, 202, 204, 209, 210, 212, 214, 215], "excluded_lines": []}, "PriorityCalculator._calculate_depth_score": {"executed_lines": [], "summary": {"covered_lines": 0, "num_statements": 7, "percent_covered": 0.0, "percent_covered_display": "0.00", "missing_lines": 7, "excluded_lines": 0}, "missing_lines": [238, 239, 240, 241, 242, 243, 244], "excluded_lines": []}, "PriorityCalculator._calculate_urgency_score": {"executed_lines": [], "summary": {"covered_lines": 0, "num_statements": 21, "percent_covered": 0.0, "percent_covered_display": "0.00", "missing_lines": 21, "excluded_lines": 0}, "missing_lines": [274, 275, 277, 278, 281, 282, 285, 286, 289, 292, 293, 294, 297, 298, 299, 300, 301, 302, 303, 304, 306], "excluded_lines": []}, "PriorityCalculator._calculate_blocking_score": {"executed_lines": [], "summary": {"covered_lines": 0, "num_statements": 10, "percent_covered": 0.0, "percent_covered_display": "0.00", "missing_lines": 10, "excluded_lines": 0}, "missing_lines": [332, 334, 335, 337, 338, 342, 343, 345, 346, 347], "excluded_lines": []}, "PriorityCalculator._calculate_source_score": {"executed_lines": [], "summary": {"covered_lines": 0, "num_statements": 10, "percent_covered": 0.0, "percent_covered_display": "0.00", "missing_lines": 10, "excluded_lines": 0}, "missing_lines": [367, 368, 369, 370, 371, 372, 373, 374, 376, 377], "excluded_lines": []}, "": {"executed_lines": [], "summary": {"covered_lines": 0, "num_statements": 15, "percent_covered": 0.0, "percent_covered_display": "0.00", "missing_lines": 15, "excluded_lines": 3}, "missing_lines": [16, 17, 18, 19, 20, 22, 28, 31, 58, 102, 169, 217, 246, 308, 349], "excluded_lines": [24, 25, 26]}}, "classes": {"PriorityCalculator": {"executed_lines": [], "summary": {"covered_lines": 0, "num_statements": 87, "percent_covered": 0.0, "percent_covered_display": "0.00", "missing_lines": 87, "excluded_lines": 0}, "missing_lines": [80, 81, 82, 83, 84, 85, 88, 89, 90, 96, 125, 127, 130, 133, 138, 141, 144, 153, 155, 162, 164, 165, 167, 190, 192, 193, 194, 195, 196, 197, 200, 201, 202, 204, 209, 210, 212, 214, 215, 238, 239, 240, 241, 242, 243, 244, 274, 275, 277, 278, 281, 282, 285, 286, 289, 292, 293, 294, 297, 298, 299, 300, 301, 302, 303, 304, 306, 332, 334, 335, 337, 338, 342, 343, 345, 346, 347, 367, 368, 369, 370, 371, 372, 373, 374, 376, 377], "excluded_lines": []}, "": {"executed_lines": [], "summary": {"covered_lines": 0, "num_statements": 15, "percent_covered": 0.0, "percent_covered_display": "0.00", "missing_lines": 15, "excluded_lines": 3}, "missing_lines": [16, 17, 18, 19, 20, 22, 28, 31, 58, 102, 169, 217, 246, 308, 349], "excluded_lines": [24, 25, 26]}}}, "src/abathur/services/session_service.py": {"executed_lines": [], "summary": {"covered_lines": 0, "num_statements": 102, "percent_covered": 0.0, "percent_covered_display": "0.00", "missing_lines": 102, "excluded_lines": 2}, "missing_lines": [3, 4, 6, 12, 19, 25, 27, 56, 58, 59, 60, 67, 68, 69, 70, 71, 72, 73, 75, 90, 91, 92, 94, 95, 98, 99, 100, 101, 103, 105, 118, 119, 120, 122, 123, 124, 126, 127, 128, 130, 131, 133, 134, 136, 137, 138, 139, 140, 141, 142, 144, 146, 182, 183, 185, 188, 190, 191, 194, 195, 198, 201, 202, 205, 213, 214, 215, 216, 218, 231, 232, 233, 235, 236, 237, 238, 247, 255, 256, 257, 258, 260, 266, 268, 282, 283, 284, 286, 288, 299, 300, 301, 304, 306, 307, 309, 310, 312, 320, 321, 322, 323], "excluded_lines": [8, 9], "functions": {"SessionService.__init__": {"executed_lines": [], "summary": {"covered_lines": 0, "num_statements": 1, "percent_covered": 0.0, "percent_covered_display": "0.00", "missing_lines": 1, "excluded_lines": 0}, "missing_lines": [25], "excluded_lines": []}, "SessionService.create_session": {"executed_lines": [], "summary": {"covered_lines": 0, "num_statements": 11, "percent_covered": 0.0, "percent_covered_display": "0.00", "missing_lines": 11, "excluded_lines": 0}, "missing_lines": [56, 58, 59, 60, 67, 68, 69, 70, 71, 72, 73], "excluded_lines": []}, "SessionService.get_session": {"executed_lines": [], "summary": {"covered_lines": 0, "num_statements": 10, "percent_covered": 0.0, "percent_covered_display": "0.00", "missing_lines": 10, "excluded_lines": 0}, "missing_lines": [90, 91, 92, 94, 95, 98, 99, 100, 101, 103], "excluded_lines": []}, "SessionService.list_sessions": {"executed_lines": [], "summary": {"covered_lines": 0, "num_statements": 21, "percent_covered": 0.0, "percent_covered_display": "0.00", "missing_lines": 21, "excluded_lines": 0}, "missing_lines": [118, 119, 120, 122, 123, 124, 126, 127, 128, 130, 131, 133, 134, 136, 137, 138, 139, 140, 141, 142, 144], "excluded_lines": []}, "SessionService.append_event": {"executed_lines": [], "summary": {"covered_lines": 0, "num_statements": 16, "percent_covered": 0.0, "percent_covered_display": "0.00", "missing_lines": 16, "excluded_lines": 0}, "missing_lines": [182, 183, 185, 188, 190, 191, 194, 195, 198, 201, 202, 205, 213, 214, 215, 216], "excluded_lines": []}, "SessionService.update_status": {"executed_lines": [], "summary": {"covered_lines": 0, "num_statements": 12, "percent_covered": 0.0, "percent_covered_display": "0.00", "missing_lines": 12, "excluded_lines": 0}, "missing_lines": [231, 232, 233, 235, 236, 237, 238, 247, 255, 256, 257, 258], "excluded_lines": []}, "SessionService.terminate_session": {"executed_lines": [], "summary": {"covered_lines": 0, "num_statements": 1, "percent_covered": 0.0, "percent_covered_display": "0.00", "missing_lines": 1, "excluded_lines": 0}, "missing_lines": [266], "excluded_lines": []}, "SessionService.get_state": {"executed_lines": [], "summary": {"covered_lines": 0, "num_statements": 4, "percent_covered": 0.0, "percent_covered_display": "0.00", "missing_lines": 4, "excluded_lines": 0}, "missing_lines": [282, 283, 284, 286], "excluded_lines": []}, "SessionService.set_state": {"executed_lines": [], "summary": {"covered_lines": 0, "num_statements": 13, "percent_covered": 0.0, "percent_covered_display": "0.00", "missing_lines": 13, "excluded_lines": 0}, "missing_lines": [299, 300, 301, 304, 306, 307, 309, 310, 312, 320, 321, 322, 323], "excluded_lines": []}, "": {"executed_lines": [], "summary": {"covered_lines": 0, "num_statements": 13, "percent_covered": 0.0, "percent_covered_display": "0.00", "missing_lines": 13, "excluded_lines": 2}, "missing_lines": [3, 4, 6, 12, 19, 27, 75, 105, 146, 218, 260, 268, 288], "excluded_lines": [8, 9]}}, "classes": {"SessionService": {"executed_lines": [], "summary": {"covered_lines": 0, "num_statements": 89, "percent_covered": 0.0, "percent_covered_display": "0.00", "missing_lines": 89, "excluded_lines": 0}, "missing_lines": [25, 56, 58, 59, 60, 67, 68, 69, 70, 71, 72, 73, 90, 91, 92, 94, 95, 98, 99, 100, 101, 103, 118, 119, 120, 122, 123, 124, 126, 127, 128, 130, 131, 133, 134, 136, 137, 138, 139, 140, 141, 142, 144, 182, 183, 185, 188, 190, 191, 194, 195, 198, 201, 202, 205, 213, 214, 215, 216, 231, 232, 233, 235, 236, 237, 238, 247, 255, 256, 257, 258, 266, 282, 283, 284, 286, 299, 300, 301, 304, 306, 307, 309, 310, 312, 320, 321, 322, 323], "excluded_lines": []}, "": {"executed_lines": [], "summary": {"covered_lines": 0, "num_statements": 13, "percent_covered": 0.0, "percent_covered_display": "0.00", "missing_lines": 13, "excluded_lines": 2}, "missing_lines": [3, 4, 6, 12, 19, 27, 75, 105, 146, 218, 260, 268, 288], "excluded_lines": [8, 9]}}}, "src/abathur/services/task_queue_service.py": {"executed_lines": [], "summary": {"covered_lines": 0, "num_statements": 255, "percent_covered": 0.0, "percent_covered_display": "0.00", "missing_lines": 255, "excluded_lines": 0}, "missing_lines": [23, 24, 25, 26, 28, 35, 36, 40, 42, 45, 48, 51, 54, 57, 60, 63, 96, 109, 110, 111, 113, 115, 165, 166, 167, 170, 171, 174, 175, 178, 180, 181, 182, 184, 187, 188, 189, 195, 196, 198, 199, 202, 224, 226, 271, 272, 280, 297, 300, 303, 304, 307, 308, 311, 313, 318, 320, 321, 322, 323, 324, 325, 327, 351, 352, 353, 362, 364, 365, 366, 368, 371, 372, 376, 378, 379, 380, 382, 387, 389, 390, 391, 393, 418, 419, 421, 422, 431, 432, 435, 445, 452, 453, 455, 458, 461, 463, 465, 467, 469, 470, 483, 486, 488, 489, 491, 493, 495, 496, 497, 498, 499, 501, 526, 527, 529, 530, 545, 546, 548, 551, 554, 555, 556, 557, 566, 568, 573, 575, 576, 577, 578, 579, 581, 603, 604, 606, 607, 616, 617, 619, 622, 625, 626, 627, 628, 637, 639, 642, 644, 645, 646, 647, 648, 650, 677, 678, 680, 690, 693, 702, 703, 704, 706, 707, 708, 709, 711, 712, 713, 714, 717, 720, 721, 722, 725, 734, 735, 740, 747, 748, 752, 761, 762, 764, 765, 766, 768, 792, 793, 794, 797, 800, 802, 803, 804, 805, 806, 809, 810, 812, 817, 819, 820, 821, 822, 823, 824, 828, 837, 838, 839, 843, 844, 846, 847, 848, 850, 859, 860, 861, 869, 870, 872, 883, 884, 885, 887, 888, 889, 891, 892, 894, 897, 904, 906, 907, 908, 909, 910, 912, 914, 923, 924, 925, 926, 928, 930, 931, 935, 937, 939, 949, 950, 954], "excluded_lines": [], "functions": {"TaskQueueService.__init__": {"executed_lines": [], "summary": {"covered_lines": 0, "num_statements": 4, "percent_covered": 0.0, "percent_covered_display": "0.00", "missing_lines": 4, "excluded_lines": 0}, "missing_lines": [109, 110, 111, 113], "excluded_lines": []}, "TaskQueueService.enqueue_task": {"executed_lines": [], "summary": {"covered_lines": 0, "num_statements": 40, "percent_covered": 0.0, "percent_covered_display": "0.00", "missing_lines": 40, "excluded_lines": 0}, "missing_lines": [165, 166, 167, 170, 171, 174, 175, 178, 180, 181, 182, 184, 187, 188, 189, 195, 196, 198, 199, 202, 224, 226, 271, 272, 280, 297, 300, 303, 304, 307, 308, 311, 313, 318, 320, 321, 322, 323, 324, 325], "excluded_lines": []}, "TaskQueueService.get_next_task": {"executed_lines": [], "summary": {"covered_lines": 0, "num_statements": 19, "percent_covered": 0.0, "percent_covered_display": "0.00", "missing_lines": 19, "excluded_lines": 0}, "missing_lines": [351, 352, 353, 362, 364, 365, 366, 368, 371, 372, 376, 378, 379, 380, 382, 387, 389, 390, 391], "excluded_lines": []}, "TaskQueueService.complete_task": {"executed_lines": [], "summary": {"covered_lines": 0, "num_statements": 29, "percent_covered": 0.0, "percent_covered_display": "0.00", "missing_lines": 29, "excluded_lines": 0}, "missing_lines": [418, 419, 421, 422, 431, 432, 435, 445, 452, 453, 455, 458, 461, 463, 465, 467, 469, 470, 483, 486, 488, 489, 491, 493, 495, 496, 497, 498, 499], "excluded_lines": []}, "TaskQueueService.fail_task": {"executed_lines": [], "summary": {"covered_lines": 0, "num_statements": 20, "percent_covered": 0.0, "percent_covered_display": "0.00", "missing_lines": 20, "excluded_lines": 0}, "missing_lines": [526, 527, 529, 530, 545, 546, 548, 551, 554, 555, 556, 557, 566, 568, 573, 575, 576, 577, 578, 579], "excluded_lines": []}, "TaskQueueService.cancel_task": {"executed_lines": [], "summary": {"covered_lines": 0, "num_statements": 20, "percent_covered": 0.0, "percent_covered_display": "0.00", "missing_lines": 20, "excluded_lines": 0}, "missing_lines": [603, 604, 606, 607, 616, 617, 619, 622, 625, 626, 627, 628, 637, 639, 642, 644, 645, 646, 647, 648], "excluded_lines": []}, "TaskQueueService.get_queue_status": {"executed_lines": [], "summary": {"covered_lines": 0, "num_statements": 32, "percent_covered": 0.0, "percent_covered_display": "0.00", "missing_lines": 32, "excluded_lines": 0}, "missing_lines": [677, 678, 680, 690, 693, 702, 703, 704, 706, 707, 708, 709, 711, 712, 713, 714, 717, 720, 721, 722, 725, 734, 735, 740, 747, 748, 752, 761, 762, 764, 765, 766], "excluded_lines": []}, "TaskQueueService.get_task_execution_plan": {"executed_lines": [], "summary": {"covered_lines": 0, "num_statements": 20, "percent_covered": 0.0, "percent_covered_display": "0.00", "missing_lines": 20, "excluded_lines": 0}, "missing_lines": [792, 793, 794, 797, 800, 802, 803, 804, 805, 806, 809, 810, 812, 817, 819, 820, 821, 822, 823, 824], "excluded_lines": []}, "TaskQueueService._validate_prerequisites_exist": {"executed_lines": [], "summary": {"covered_lines": 0, "num_statements": 8, "percent_covered": 0.0, "percent_covered_display": "0.00", "missing_lines": 8, "excluded_lines": 0}, "missing_lines": [837, 838, 839, 843, 844, 846, 847, 848], "excluded_lines": []}, "TaskQueueService._get_unmet_prerequisites": {"executed_lines": [], "summary": {"covered_lines": 0, "num_statements": 5, "percent_covered": 0.0, "percent_covered_display": "0.00", "missing_lines": 5, "excluded_lines": 0}, "missing_lines": [859, 860, 861, 869, 870], "excluded_lines": []}, "TaskQueueService._get_dependent_tasks_recursive": {"executed_lines": [], "summary": {"covered_lines": 0, "num_statements": 17, "percent_covered": 0.0, "percent_covered_display": "0.00", "missing_lines": 17, "excluded_lines": 0}, "missing_lines": [883, 884, 885, 887, 888, 889, 891, 892, 894, 897, 904, 906, 907, 908, 909, 910, 912], "excluded_lines": []}, "TaskQueueService._update_task_priority": {"executed_lines": [], "summary": {"covered_lines": 0, "num_statements": 9, "percent_covered": 0.0, "percent_covered_display": "0.00", "missing_lines": 9, "excluded_lines": 0}, "missing_lines": [923, 924, 925, 926, 928, 930, 931, 935, 937], "excluded_lines": []}, "TaskQueueService._update_task_priority_and_depth": {"executed_lines": [], "summary": {"covered_lines": 0, "num_statements": 3, "percent_covered": 0.0, "percent_covered_display": "0.00", "missing_lines": 3, "excluded_lines": 0}, "missing_lines": [949, 950, 954], "excluded_lines": []}, "": {"executed_lines": [], "summary": {"covered_lines": 0, "num_statements": 29, "percent_covered": 0.0, "percent_covered_display": "0.00", "missing_lines": 29, "excluded_lines": 0}, "missing_lines": [23, 24, 25, 26, 28, 35, 36, 40, 42, 45, 48, 51, 54, 57, 60, 63, 96, 115, 327, 393, 501, 581, 650, 768, 828, 850, 872, 914, 939], "excluded_lines": []}}, "classes": {"TaskQueueError": {"executed_lines": [], "summary": {"covered_lines": 0, "num_statements": 0, "percent_covered": 100.0, "percent_covered_display": "100.00", "missing_lines": 0, "excluded_lines": 0}, "missing_lines": [], "excluded_lines": []}, "TaskNotFoundError": {"executed_lines": [], "summary": {"covered_lines": 0, "num_statements": 0, "percent_covered": 100.0, "percent_covered_display": "100.00", "missing_lines": 0, "excluded_lines": 0}, "missing_lines": [], "excluded_lines": []}, "InvalidTransitionError": {"executed_lines": [], "summary": {"covered_lines": 0, "num_statements": 0, "percent_covered": 100.0, "percent_covered_display": "100.00", "missing_lines": 0, "excluded_lines": 0}, "missing_lines": [], "excluded_lines": []}, "TaskQueueService": {"executed_lines": [], "summary": {"covered_lines": 0, "num_statements": 226, "percent_covered": 0.0, "percent_covered_display": "0.00", "missing_lines": 226, "excluded_lines": 0}, "missing_lines": [109, 110, 111, 113, 165, 166, 167, 170, 171, 174, 175, 178, 180, 181, 182, 184, 187, 188, 189, 195, 196, 198, 199, 202, 224, 226, 271, 272, 280, 297, 300, 303, 304, 307, 308, 311, 313, 318, 320, 321, 322, 323, 324, 325, 351, 352, 353, 362, 364, 365, 366, 368, 371, 372, 376, 378, 379, 380, 382, 387, 389, 390, 391, 418, 419, 421, 422, 431, 432, 435, 445, 452, 453, 455, 458, 461, 463, 465, 467, 469, 470, 483, 486, 488, 489, 491, 493, 495, 496, 497, 498, 499, 526, 527, 529, 530, 545, 546, 548, 551, 554, 555, 556, 557, 566, 568, 573, 575, 576, 577, 578, 579, 603, 604, 606, 607, 616, 617, 619, 622, 625, 626, 627, 628, 637, 639, 642, 644, 645, 646, 647, 648, 677, 678, 680, 690, 693, 702, 703, 704, 706, 707, 708, 709, 711, 712, 713, 714, 717, 720, 721, 722, 725, 734, 735, 740, 747, 748, 752, 761, 762, 764, 765, 766, 792, 793, 794, 797, 800, 802, 803, 804, 805, 806, 809, 810, 812, 817, 819, 820, 821, 822, 823, 824, 837, 838, 839, 843, 844, 846, 847, 848, 859, 860, 861, 869, 870, 883, 884, 885, 887, 888, 889, 891, 892, 894, 897, 904, 906, 907, 908, 909, 910, 912, 923, 924, 925, 926, 928, 930, 931, 935, 937, 949, 950, 954], "excluded_lines": []}, "": {"executed_lines": [], "summary": {"covered_lines": 0, "num_statements": 29, "percent_covered": 0.0, "percent_covered_display": "0.00", "missing_lines": 29, "excluded_lines": 0}, "missing_lines": [23, 24, 25, 26, 28, 35, 36, 40, 42, 45, 48, 51, 54, 57, 60, 63, 96, 115, 327, 393, 501, 581, 650, 768, 828, 850, 872, 914, 939], "excluded_lines": []}}}}, "totals": {"covered_lines": 1665, "num_statements": 8937, "percent_covered": 18.63041289023162, "percent_covered_display": "18.63", "missing_lines": 7272, "excluded_lines": 26}}