<?xml version="1.0"?><coverage lines-covered="920" lines-valid="1256" line-rate="0.732484076433121" branches-covered="0" branches-valid="0" branch-rate="0" complexity="0" version="1.9" timestamp="1761502744"><sources><source>/Users/odgrim/dev/home/agentics/abathur</source></sources><packages><package name="src/infrastructure/database" line-rate="0.422680412371134" branch-rate="0" complexity="0"><classes><class name="agent_repo" filename="src/infrastructure/database/agent_repo.rs" line-rate="0" branch-rate="0" complexity="0"><methods/><lines><line number="39" hits="0"/><line number="44" hits="0"/><line number="46" hits="0"/><line number="47" hits="0"/><line number="48" hits="0"/><line number="49" hits="0"/><line number="50" hits="0"/><line number="51" hits="0"/><line number="52" hits="0"/><line number="53" hits="0"/><line number="54" hits="0"/><line number="55" hits="0"/><line number="56" hits="0"/><line number="57" hits="0"/><line number="58" hits="0"/><line number="59" hits="0"/><line number="60" hits="0"/><line number="61" hits="0"/><line number="62" hits="0"/><line number="63" hits="0"/><line number="65" hits="0"/><line number="66" hits="0"/><line number="67" hits="0"/><line number="68" hits="0"/><line number="69" hits="0"/><line number="76" hits="0"/><line number="79" hits="0"/><line number="82" hits="0"/><line number="108" hits="0"/><line number="142" hits="0"/><line number="144" hits="0"/><line number="147" hits="0"/><line number="176" hits="0"/><line number="240" hits="0"/><line number="241" hits="0"/><line number="242" hits="0"/><line number="243" hits="0"/><line number="244" hits="0"/><line number="245" hits="0"/><line number="246" hits="0"/><line number="247" hits="0"/><line number="248" hits="0"/><line number="249" hits="0"/><line number="250" hits="0"/><line number="282" hits="0"/><line number="283" hits="0"/><line number="284" hits="0"/><line number="285" hits="0"/><line number="286" hits="0"/><line number="287" hits="0"/><line number="288" hits="0"/><line number="289" hits="0"/><line number="290" hits="0"/><line number="291" hits="0"/><line number="292" hits="0"/><line number="298" hits="0"/></lines></class><class name="connection" filename="src/infrastructure/database/connection.rs" line-rate="1" branch-rate="0" complexity="0"><methods/><lines><line number="36" hits="4"/><line number="38" hits="6"/><line number="40" hits="4"/><line number="41" hits="4"/><line number="43" hits="4"/><line number="47" hits="6"/><line number="50" hits="6"/><line number="51" hits="6"/><line number="52" hits="6"/><line number="53" hits="4"/><line number="54" hits="2"/><line number="57" hits="2"/><line number="68" hits="2"/><line number="69" hits="2"/><line number="70" hits="2"/><line number="71" hits="1"/><line number="73" hits="1"/><line number="79" hits="2"/><line number="80" hits="2"/><line number="87" hits="4"/><line number="88" hits="4"/></lines></class><class name="session_repo" filename="src/infrastructure/database/session_repo.rs" line-rate="1" branch-rate="0" complexity="0"><methods/><lines><line number="18" hits="10"/><line number="25" hits="8"/><line number="53" hits="3"/><line number="88" hits="3"/><line number="115" hits="4"/><line number="132" hits="3"/><line number="134" hits="6"/><line number="135" hits="6"/><line number="136" hits="3"/><line number="137" hits="9"/><line number="138" hits="3"/><line number="139" hits="3"/><line number="140" hits="6"/><line number="141" hits="3"/><line number="142" hits="6"/><line number="143" hits="3"/><line number="144" hits="6"/><line number="152" hits="8"/><line number="179" hits="8"/><line number="194" hits="1"/></lines></class></classes></package><package name="src/infrastructure" line-rate="0.30973451327433627" branch-rate="0" complexity="0"><classes></classes></package><package name="src/application" line-rate="0.8324324324324325" branch-rate="0" complexity="0"><classes><class name="agent_executor" filename="src/application/agent_executor.rs" line-rate="0.7777777777777778" branch-rate="0" complexity="0"><methods/><lines><line number="38" hits="4"/><line number="57" hits="0"/><line number="58" hits="0"/><line number="59" hits="0"/><line number="121" hits="4"/><line number="144" hits="2"/><line number="146" hits="2"/><line number="147" hits="3"/><line number="149" hits="4"/><line number="172" hits="2"/><line number="177" hits="4"/><line number="179" hits="12"/><line number="180" hits="4"/><line number="181" hits="0"/><line number="182" hits="0"/><line number="183" hits="0"/><line number="199" hits="8"/><line number="200" hits="8"/><line number="201" hits="12"/><line number="202" hits="12"/><line number="204" hits="8"/><line number="206" hits="12"/><line number="207" hits="40"/><line number="208" hits="6"/><line number="209" hits="5"/><line number="211" hits="5"/><line number="212" hits="0"/><line number="215" hits="15"/><line number="218" hits="5"/><line number="220" hits="16"/><line number="222" hits="4"/><line number="223" hits="16"/><line number="225" hits="4"/><line number="227" hits="0"/><line number="229" hits="0"/><line number="231" hits="0"/><line number="234" hits="8"/><line number="240" hits="1"/><line number="241" hits="2"/><line number="242" hits="1"/><line number="243" hits="1"/><line number="261" hits="16"/><line number="262" hits="8"/><line number="266" hits="0"/><line number="270" hits="24"/><line number="274" hits="16"/><line number="275" hits="24"/><line number="277" hits="8"/><line number="278" hits="8"/><line number="281" hits="19"/><line number="282" hits="16"/><line number="283" hits="8"/><line number="284" hits="8"/><line number="285" hits="8"/><line number="286" hits="5"/><line number="287" hits="5"/><line number="290" hits="3"/><line number="295" hits="0"/><line number="300" hits="3"/><line number="304" hits="8"/><line number="305" hits="16"/><line number="310" hits="8"/><line number="311" hits="0"/><line number="314" hits="8"/><line number="330" hits="8"/><line number="331" hits="8"/><line number="332" hits="8"/><line number="333" hits="7"/><line number="338" hits="0"/><line number="339" hits="0"/><line number="341" hits="1"/><line number="342" hits="0"/></lines></class><class name="loop_executor" filename="src/application/loop_executor.rs" line-rate="0.8224852071005917" branch-rate="0" complexity="0"><methods/><lines><line number="42" hits="24"/><line number="43" hits="24"/><line number="44" hits="36"/><line number="46" hits="3"/><line number="47" hits="5"/><line number="48" hits="2"/><line number="50" hits="1"/><line number="54" hits="3"/><line number="55" hits="5"/><line number="56" hits="2"/><line number="58" hits="1"/><line number="101" hits="9"/><line number="109" hits="18"/><line number="110" hits="18"/><line number="117" hits="14"/><line number="119" hits="34"/><line number="120" hits="20"/><line number="124" hits="42"/><line number="125" hits="28"/><line number="126" hits="14"/><line number="129" hits="42"/><line number="130" hits="28"/><line number="131" hits="56"/><line number="132" hits="28"/><line number="133" hits="14"/><line number="134" hits="14"/><line number="138" hits="14"/><line number="140" hits="14"/><line number="171" hits="0"/><line number="176" hits="0"/><line number="221" hits="5"/><line number="222" hits="10"/><line number="227" hits="20"/><line number="243" hits="4"/><line number="248" hits="12"/><line number="249" hits="4"/><line number="252" hits="8"/><line number="253" hits="4"/><line number="257" hits="8"/><line number="258" hits="0"/><line number="259" hits="0"/><line number="260" hits="0"/><line number="262" hits="0"/><line number="266" hits="12"/><line number="269" hits="20"/><line number="272" hits="8"/><line number="275" hits="8"/><line number="277" hits="4"/><line number="281" hits="4"/><line number="286" hits="12"/><line number="288" hits="0"/><line number="289" hits="16"/><line number="290" hits="32"/><line number="291" hits="16"/><line number="295" hits="16"/><line number="296" hits="0"/><line number="297" hits="0"/><line number="298" hits="0"/><line number="300" hits="0"/><line number="304" hits="32"/><line number="305" hits="2"/><line number="306" hits="2"/><line number="309" hits="14"/><line number="312" hits="14"/><line number="314" hits="27"/><line number="315" hits="28"/><line number="316" hits="42"/><line number="317" hits="0"/><line number="318" hits="12"/><line number="319" hits="12"/><line number="321" hits="48"/><line number="323" hits="24"/><line number="324" hits="36"/><line number="325" hits="12"/><line number="327" hits="12"/><line number="329" hits="0"/><line number="331" hits="0"/><line number="332" hits="0"/><line number="334" hits="0"/><line number="336" hits="1"/><line number="337" hits="0"/><line number="338" hits="0"/><line number="340" hits="1"/><line number="341" hits="1"/><line number="342" hits="1"/><line number="343" hits="1"/><line number="350" hits="28"/><line number="351" hits="1"/><line number="352" hits="1"/><line number="358" hits="6"/><line number="359" hits="3"/><line number="360" hits="3"/><line number="364" hits="32"/><line number="365" hits="32"/><line number="366" hits="48"/><line number="372" hits="12"/><line number="375" hits="12"/><line number="379" hits="4"/><line number="380" hits="12"/><line number="381" hits="12"/><line number="382" hits="8"/><line number="383" hits="12"/><line number="385" hits="8"/><line number="386" hits="12"/><line number="389" hits="6"/><line number="390" hits="12"/><line number="391" hits="4"/><line number="394" hits="4"/><line number="395" hits="0"/><line number="396" hits="0"/><line number="398" hits="0"/><line number="399" hits="0"/><line number="400" hits="0"/><line number="401" hits="0"/><line number="403" hits="0"/><line number="406" hits="0"/><line number="407" hits="0"/><line number="413" hits="12"/><line number="414" hits="1"/><line number="415" hits="1"/><line number="423" hits="8"/><line number="424" hits="8"/><line number="425" hits="12"/><line number="426" hits="8"/><line number="427" hits="8"/><line number="428" hits="12"/><line number="430" hits="4"/><line number="431" hits="12"/><line number="433" hits="12"/><line number="434" hits="4"/><line number="437" hits="4"/><line number="438" hits="4"/><line number="442" hits="10"/><line number="444" hits="20"/><line number="445" hits="10"/><line number="446" hits="0"/><line number="449" hits="15"/><line number="451" hits="19"/><line number="452" hits="3"/><line number="453" hits="5"/><line number="454" hits="4"/><line number="455" hits="2"/><line number="457" hits="4"/><line number="459" hits="1"/><line number="461" hits="1"/><line number="463" hits="2"/><line number="468" hits="6"/><line number="469" hits="1"/><line number="471" hits="3"/><line number="472" hits="1"/><line number="475" hits="2"/><line number="476" hits="3"/><line number="478" hits="1"/><line number="481" hits="4"/><line number="485" hits="2"/><line number="486" hits="1"/><line number="487" hits="2"/><line number="491" hits="0"/><line number="492" hits="0"/><line number="503" hits="13"/><line number="504" hits="13"/><line number="505" hits="1"/><line number="509" hits="60"/><line number="510" hits="24"/><line number="511" hits="12"/><line number="512" hits="36"/><line number="513" hits="214"/><line number="514" hits="12"/><line number="516" hits="12"/></lines></class><class name="resource_monitor" filename="src/application/resource_monitor.rs" line-rate="0.8942307692307693" branch-rate="0" complexity="0"><methods/><lines><line number="28" hits="5"/><line number="134" hits="7"/><line number="136" hits="14"/><line number="137" hits="14"/><line number="138" hits="14"/><line number="139" hits="14"/><line number="141" hits="21"/><line number="143" hits="14"/><line number="144" hits="14"/><line number="147" hits="28"/><line number="149" hits="28"/><line number="163" hits="2"/><line number="167" hits="6"/><line number="168" hits="6"/><line number="169" hits="6"/><line number="170" hits="6"/><line number="171" hits="6"/><line number="173" hits="6"/><line number="174" hits="6"/><line number="175" hits="4"/><line number="177" hits="2"/><line number="178" hits="0"/><line number="181" hits="0"/><line number="185" hits="3"/><line number="187" hits="6"/><line number="189" hits="1"/><line number="190" hits="2"/><line number="191" hits="1"/><line number="192" hits="1"/><line number="195" hits="3"/><line number="196" hits="2"/><line number="198" hits="2"/><line number="199" hits="1"/><line number="201" hits="2"/><line number="202" hits="1"/><line number="204" hits="1"/><line number="205" hits="2"/><line number="206" hits="2"/><line number="207" hits="2"/><line number="208" hits="1"/><line number="209" hits="1"/><line number="215" hits="2"/><line number="216" hits="2"/><line number="220" hits="3"/><line number="223" hits="1"/><line number="224" hits="1"/><line number="229" hits="0"/><line number="232" hits="3"/><line number="233" hits="1"/><line number="234" hits="1"/><line number="239" hits="2"/><line number="240" hits="2"/><line number="241" hits="0"/><line number="244" hits="2"/><line number="248" hits="1"/><line number="249" hits="2"/><line number="250" hits="0"/><line number="251" hits="0"/><line number="252" hits="0"/><line number="255" hits="1"/><line number="257" hits="1"/><line number="262" hits="0"/><line number="267" hits="6"/><line number="268" hits="2"/><line number="269" hits="4"/><line number="270" hits="2"/><line number="275" hits="2"/><line number="276" hits="2"/><line number="279" hits="2"/><line number="285" hits="4"/><line number="286" hits="4"/><line number="287" hits="2"/><line number="291" hits="2"/><line number="292" hits="2"/><line number="293" hits="3"/><line number="300" hits="2"/><line number="301" hits="2"/><line number="302" hits="3"/><line number="309" hits="2"/><line number="310" hits="4"/><line number="316" hits="8"/><line number="317" hits="8"/><line number="318" hits="4"/><line number="319" hits="4"/><line number="321" hits="12"/><line number="322" hits="8"/><line number="324" hits="4"/><line number="325" hits="7"/><line number="327" hits="8"/><line number="328" hits="2"/><line number="335" hits="4"/><line number="340" hits="8"/><line number="341" hits="8"/><line number="344" hits="4"/><line number="351" hits="4"/><line number="352" hits="2"/><line number="353" hits="2"/><line number="354" hits="4"/><line number="356" hits="2"/><line number="360" hits="2"/><line number="361" hits="2"/><line number="366" hits="0"/><line number="369" hits="0"/><line number="371" hits="0"/></lines></class><class name="task_coordinator" filename="src/application/task_coordinator.rs" line-rate="0.8" branch-rate="0" complexity="0"><methods/><lines><line number="85" hits="5"/><line number="90" hits="15"/><line number="97" hits="5"/><line number="105" hits="0"/><line number="106" hits="0"/><line number="113" hits="0"/><line number="114" hits="0"/><line number="142" hits="6"/><line number="208" hits="2"/><line number="233" hits="2"/><line number="295" hits="2"/><line number="346" hits="6"/><line number="348" hits="5"/><line number="349" hits="1"/><line number="352" hits="4"/><line number="353" hits="0"/><line number="357" hits="5"/><line number="358" hits="6"/><line number="359" hits="4"/><line number="360" hits="2"/><line number="361" hits="2"/><line number="362" hits="6"/><line number="364" hits="2"/><line number="365" hits="1"/><line number="369" hits="1"/></lines></class></classes></package><package name="src" line-rate="0.732484076433121" branch-rate="0" complexity="0"><classes><class name="main" filename="src/main.rs" line-rate="0" branch-rate="0" complexity="0"><methods/><lines><line number="1" hits="0"/><line number="2" hits="0"/></lines></class></classes></package><package name="tests" line-rate="0" branch-rate="0" complexity="0"><classes></classes></package><package name="tests/integration/database" line-rate="0" branch-rate="0" complexity="0"><classes></classes></package><package name="venv/lib/python3.13/site-packages/pre_commit/resources" line-rate="0" branch-rate="0" complexity="0"><classes></classes></package><package name="tests/unit/infrastructure/mcp" line-rate="0" branch-rate="0" complexity="0"><classes></classes></package><package name="tests/integration" line-rate="0" branch-rate="0" complexity="0"><classes></classes></package><package name="src/infrastructure/config" line-rate="0.5238095238095238" branch-rate="0" complexity="0"><classes><class name="loader" filename="src/infrastructure/config/loader.rs" line-rate="0.5238095238095238" branch-rate="0" complexity="0"><methods/><lines><line number="56" hits="0"/><line number="57" hits="0"/><line number="61" hits="0"/><line number="63" hits="0"/><line number="65" hits="0"/><line number="67" hits="0"/><line number="69" hits="0"/><line number="71" hits="0"/><line number="75" hits="0"/><line number="76" hits="0"/><line number="80" hits="0"/><line number="81" hits="0"/><line number="82" hits="0"/><line number="83" hits="0"/><line number="85" hits="0"/><line number="86" hits="0"/><line number="87" hits="0"/><line number="90" hits="0"/><line number="91" hits="0"/><line number="95" hits="15"/><line number="97" hits="29"/><line number="98" hits="2"/><line number="102" hits="26"/><line number="103" hits="1"/><line number="106" hits="12"/><line number="107" hits="1"/><line number="108" hits="1"/><line number="113" hits="44"/><line number="114" hits="33"/><line number="115" hits="1"/><line number="118" hits="20"/><line number="119" hits="30"/><line number="120" hits="1"/><line number="124" hits="9"/><line number="125" hits="2"/><line number="126" hits="2"/><line number="130" hits="7"/><line number="131" hits="1"/><line number="135" hits="6"/><line number="136" hits="1"/><line number="139" hits="5"/><line number="140" hits="1"/><line number="141" hits="1"/><line number="142" hits="1"/><line number="147" hits="4"/><line number="148" hits="0"/><line number="149" hits="0"/><line number="150" hits="0"/><line number="153" hits="0"/><line number="154" hits="0"/><line number="155" hits="0"/><line number="156" hits="0"/><line number="162" hits="4"/><line number="163" hits="0"/><line number="164" hits="0"/><line number="168" hits="4"/><line number="169" hits="0"/><line number="170" hits="0"/><line number="174" hits="4"/><line number="175" hits="1"/><line number="176" hits="1"/><line number="177" hits="1"/><line number="181" hits="3"/></lines></class></classes></package><package name="src/cli" line-rate="1" branch-rate="0" complexity="0"><classes></classes></package><package name="src/infrastructure/mcp" line-rate="0.17318435754189945" branch-rate="0" complexity="0"><classes><class name="client" filename="src/infrastructure/mcp/client.rs" line-rate="0.18518518518518517" branch-rate="0" complexity="0"><methods/><lines><line number="101" hits="3"/><line number="102" hits="9"/><line number="103" hits="15"/><line number="104" hits="6"/><line number="145" hits="0"/><line number="155" hits="0"/><line number="156" hits="0"/><line number="157" hits="0"/><line number="159" hits="0"/><line number="163" hits="0"/><line number="166" hits="0"/><line number="194" hits="0"/><line number="198" hits="0"/><line number="200" hits="0"/><line number="203" hits="0"/><line number="227" hits="2"/><line number="229" hits="2"/><line number="234" hits="1"/><line number="236" hits="1"/><line number="242" hits="0"/><line number="243" hits="0"/><line number="244" hits="0"/><line number="245" hits="0"/><line number="247" hits="0"/><line number="252" hits="1"/><line number="253" hits="1"/><line number="271" hits="0"/><line number="299" hits="0"/><line number="303" hits="0"/><line number="304" hits="0"/><line number="308" hits="0"/><line number="310" hits="0"/><line number="311" hits="0"/><line number="312" hits="0"/><line number="340" hits="0"/><line number="373" hits="0"/><line number="396" hits="0"/><line number="424" hits="0"/><line number="428" hits="0"/><line number="429" hits="0"/><line number="433" hits="0"/><line number="435" hits="0"/><line number="436" hits="0"/><line number="437" hits="0"/><line number="438" hits="0"/><line number="439" hits="0"/><line number="440" hits="0"/><line number="467" hits="0"/><line number="498" hits="0"/><line number="503" hits="0"/><line number="504" hits="0"/><line number="505" hits="0"/><line number="506" hits="0"/><line number="507" hits="0"/></lines></class><class name="error" filename="src/infrastructure/mcp/error.rs" line-rate="0" branch-rate="0" complexity="0"><methods/><lines><line number="47" hits="0"/><line number="48" hits="0"/></lines></class><class name="health_monitor" filename="src/infrastructure/mcp/health_monitor.rs" line-rate="0.29850746268656714" branch-rate="0" complexity="0"><methods/><lines><line number="49" hits="5"/><line number="52" hits="5"/><line number="54" hits="5"/><line number="59" hits="1"/><line number="103" hits="1"/><line number="108" hits="3"/><line number="109" hits="2"/><line number="110" hits="2"/><line number="111" hits="2"/><line number="113" hits="2"/><line number="114" hits="2"/><line number="115" hits="3"/><line number="118" hits="2"/><line number="120" hits="1"/><line number="122" hits="0"/><line number="124" hits="0"/><line number="128" hits="1"/><line number="130" hits="2"/><line number="131" hits="0"/><line number="133" hits="0"/><line number="134" hits="0"/><line number="136" hits="0"/><line number="140" hits="0"/><line number="143" hits="0"/><line number="144" hits="0"/><line number="148" hits="0"/><line number="151" hits="0"/><line number="152" hits="0"/><line number="155" hits="0"/><line number="158" hits="0"/><line number="159" hits="0"/><line number="162" hits="0"/><line number="165" hits="0"/><line number="167" hits="0"/><line number="169" hits="0"/><line number="177" hits="2"/><line number="178" hits="1"/><line number="180" hits="0"/><line number="182" hits="1"/><line number="187" hits="1"/><line number="189" hits="0"/><line number="212" hits="0"/><line number="218" hits="0"/><line number="219" hits="0"/><line number="222" hits="0"/><line number="224" hits="0"/><line number="227" hits="0"/><line number="230" hits="0"/><line number="231" hits="0"/><line number="232" hits="0"/><line number="233" hits="0"/><line number="234" hits="0"/><line number="237" hits="0"/><line number="239" hits="0"/><line number="243" hits="0"/><line number="244" hits="0"/><line number="245" hits="0"/><line number="247" hits="0"/><line number="249" hits="0"/><line number="251" hits="0"/><line number="252" hits="0"/><line number="255" hits="0"/><line number="257" hits="0"/><line number="260" hits="0"/><line number="262" hits="0"/><line number="263" hits="0"/><line number="265" hits="0"/></lines></class><class name="server_manager" filename="src/infrastructure/mcp/server_manager.rs" line-rate="0.017857142857142856" branch-rate="0" complexity="0"><methods/><lines><line number="12" hits="0"/><line number="16" hits="0"/><line number="18" hits="0"/><line number="21" hits="0"/><line number="22" hits="0"/><line number="23" hits="0"/><line number="24" hits="0"/><line number="25" hits="0"/><line number="27" hits="0"/><line number="28" hits="0"/><line number="29" hits="0"/><line number="30" hits="0"/><line number="31" hits="0"/><line number="33" hits="0"/><line number="34" hits="0"/><line number="35" hits="0"/><line number="36" hits="0"/><line number="37" hits="0"/><line number="38" hits="0"/><line number="45" hits="0"/><line number="46" hits="0"/><line number="47" hits="0"/><line number="48" hits="0"/><line number="49" hits="0"/><line number="51" hits="0"/><line number="52" hits="0"/><line number="57" hits="0"/><line number="58" hits="0"/><line number="59" hits="0"/><line number="60" hits="0"/><line number="61" hits="0"/><line number="63" hits="0"/><line number="64" hits="0"/><line number="65" hits="0"/><line number="70" hits="0"/><line number="71" hits="0"/><line number="72" hits="0"/><line number="73" hits="0"/><line number="74" hits="0"/><line number="76" hits="0"/><line number="77" hits="0"/><line number="78" hits="0"/><line number="79" hits="0"/><line number="80" hits="0"/><line number="85" hits="0"/><line number="86" hits="0"/><line number="87" hits="0"/><line number="88" hits="0"/><line number="92" hits="0"/><line number="103" hits="3"/><line number="108" hits="0"/><line number="110" hits="0"/><line number="114" hits="0"/><line number="116" hits="0"/><line number="121" hits="0"/><line number="122" hits="0"/></lines></class></classes></package><package name="tests/helpers" line-rate="0" branch-rate="0" complexity="0"><classes></classes></package><package name="src/cli/output" line-rate="1" branch-rate="0" complexity="0"><classes><class name="progress" filename="src/cli/output/progress.rs" line-rate="1" branch-rate="0" complexity="0"><methods/><lines><line number="46" hits="12"/><line number="47" hits="36"/><line number="48" hits="24"/><line number="49" hits="12"/><line number="50" hits="24"/><line number="51" hits="24"/><line number="52" hits="24"/><line number="54" hits="36"/><line number="55" hits="12"/><line number="65" hits="2"/><line number="66" hits="6"/><line number="67" hits="4"/><line number="68" hits="2"/><line number="69" hits="4"/><line number="70" hits="4"/><line number="71" hits="4"/><line number="73" hits="2"/><line number="90" hits="8"/><line number="91" hits="16"/><line number="92" hits="16"/><line number="93" hits="8"/><line number="94" hits="16"/><line number="95" hits="16"/><line number="96" hits="16"/><line number="98" hits="24"/><line number="99" hits="8"/><line number="109" hits="1"/><line number="110" hits="2"/><line number="111" hits="4"/><line number="112" hits="1"/><line number="131" hits="4"/><line number="132" hits="24"/><line number="135" hits="1"/><line number="136" hits="6"/><line number="139" hits="1"/><line number="140" hits="6"/><line number="143" hits="1"/><line number="144" hits="3"/><line number="145" hits="4"/><line number="179" hits="3"/><line number="181" hits="3"/><line number="186" hits="7"/><line number="187" hits="14"/><line number="188" hits="21"/><line number="200" hits="5"/><line number="201" hits="25"/><line number="202" hits="20"/><line number="203" hits="5"/><line number="207" hits="1"/><line number="208" hits="5"/><line number="209" hits="4"/><line number="210" hits="1"/><line number="220" hits="5"/><line number="221" hits="20"/><line number="222" hits="20"/><line number="223" hits="5"/><line number="233" hits="1"/><line number="240" hits="5"/><line number="241" hits="2"/><line number="242" hits="1"/><line number="243" hits="2"/><line number="244" hits="2"/><line number="245" hits="2"/><line number="247" hits="4"/><line number="248" hits="3"/><line number="249" hits="1"/><line number="253" hits="1"/><line number="254" hits="1"/><line number="258" hits="2"/><line number="259" hits="6"/><line number="264" hits="1"/><line number="265" hits="1"/><line number="273" hits="1"/><line number="274" hits="3"/><line number="275" hits="4"/><line number="276" hits="1"/><line number="286" hits="1"/><line number="287" hits="2"/><line number="289" hits="10"/><line number="290" hits="9"/><line number="293" hits="1"/><line number="299" hits="1"/><line number="300" hits="3"/><line number="301" hits="2"/><line number="302" hits="1"/><line number="303" hits="2"/><line number="304" hits="2"/><line number="305" hits="2"/><line number="307" hits="4"/><line number="308" hits="3"/><line number="309" hits="1"/></lines></class></classes></package><package name="src/domain" line-rate="0.9111111111111111" branch-rate="0" complexity="0"><classes><class name="error" filename="src/domain/error.rs" line-rate="0.9333333333333333" branch-rate="0" complexity="0"><methods/><lines><line number="78" hits="3"/><line number="79" hits="4"/><line number="117" hits="4"/><line number="118" hits="4"/><line number="119" hits="2"/><line number="120" hits="2"/><line number="121" hits="1"/><line number="126" hits="3"/><line number="127" hits="3"/><line number="128" hits="2"/><line number="129" hits="0"/><line number="130" hits="1"/><line number="169" hits="3"/><line number="170" hits="1"/><line number="171" hits="3"/></lines></class></classes></package><package name="src/domain/ports" line-rate="0" branch-rate="0" complexity="0"><classes><class name="logger" filename="src/domain/ports/logger.rs" line-rate="0" branch-rate="0" complexity="0"><methods/><lines><line number="43" hits="0"/><line number="44" hits="0"/><line number="45" hits="0"/><line number="46" hits="0"/><line number="47" hits="0"/><line number="48" hits="0"/><line number="49" hits="0"/></lines></class></classes></package><package name="src/services" line-rate="0.9361702127659575" branch-rate="0" complexity="0"><classes><class name="dependency_resolver" filename="src/services/dependency_resolver.rs" line-rate="0.927710843373494" branch-rate="0" complexity="0"><methods/><lines><line number="31" hits="1040"/><line number="32" hits="1040"/><line number="54" hits="264"/><line number="56" hits="529"/><line number="57" hits="1"/><line number="58" hits="1"/><line number="62" hits="789"/><line number="82" hits="523"/><line number="84" hits="1569"/><line number="85" hits="3138"/><line number="88" hits="6705"/><line number="89" hits="1569"/><line number="91" hits="8692"/><line number="92" hits="4086"/><line number="93" hits="2107"/><line number="95" hits="3"/><line number="96" hits="3"/><line number="100" hits="520"/><line number="116" hits="1031"/><line number="117" hits="2062"/><line number="118" hits="1"/><line number="122" hits="25628"/><line number="125" hits="3090"/><line number="126" hits="4120"/><line number="129" hits="3087"/><line number="131" hits="10752"/><line number="132" hits="1029"/><line number="135" hits="5145"/><line number="137" hits="20475"/><line number="139" hits="38892"/><line number="140" hits="29169"/><line number="144" hits="29169"/><line number="145" hits="15477"/><line number="146" hits="8631"/><line number="147" hits="2877"/><line number="148" hits="5752"/><line number="149" hits="5750"/><line number="157" hits="3087"/><line number="158" hits="0"/><line number="159" hits="0"/><line number="160" hits="0"/><line number="161" hits="0"/><line number="165" hits="1029"/><line number="173" hits="1553"/><line number="174" hits="4659"/><line number="177" hits="42995"/><line number="178" hits="41442"/><line number="182" hits="29181"/><line number="183" hits="20259"/><line number="184" hits="25792"/><line number="185" hits="25796"/><line number="190" hits="1553"/><line number="196" hits="1030"/><line number="200" hits="6180"/><line number="201" hits="15904"/><line number="203" hits="20477"/><line number="204" hits="12600"/><line number="205" hits="8631"/><line number="207" hits="5756"/><line number="208" hits="1"/><line number="209" hits="1"/><line number="210" hits="1"/><line number="211" hits="1"/><line number="214" hits="8631"/><line number="219" hits="1029"/><line number="225" hits="4090"/><line number="232" hits="12270"/><line number="233" hits="12270"/><line number="236" hits="12270"/><line number="237" hits="11223"/><line number="238" hits="21420"/><line number="240" hits="3570"/><line number="243" hits="15"/><line number="244" hits="9"/><line number="245" hits="3"/><line number="247" hits="3567"/><line number="249" hits="14260"/><line number="250" hits="4"/><line number="257" hits="12249"/><line number="258" hits="8166"/><line number="260" hits="4083"/><line number="265" hits="0"/><line number="266" hits="0"/></lines></class><class name="memory_service" filename="src/services/memory_service.rs" line-rate="1" branch-rate="0" complexity="0"><methods/><lines><line number="48" hits="13"/><line number="69" hits="4"/><line number="106" hits="4"/><line number="125" hits="1"/><line number="168" hits="1"/><line number="203" hits="3"/><line number="216" hits="1"/><line number="247" hits="4"/><line number="253" hits="1"/><line number="272" hits="1"/><line number="295" hits="2"/></lines></class></classes></package><package name="src/domain/models" line-rate="0.9289940828402367" branch-rate="0" complexity="0"><classes><class name="agent" filename="src/domain/models/agent.rs" line-rate="0.9047619047619048" branch-rate="0" complexity="0"><methods/><lines><line number="17" hits="3"/><line number="18" hits="3"/><line number="19" hits="3"/><line number="20" hits="3"/><line number="21" hits="3"/><line number="29" hits="5"/><line number="30" hits="5"/><line number="31" hits="7"/><line number="32" hits="4"/><line number="33" hits="3"/><line number="34" hits="1"/><line number="72" hits="3"/><line number="73" hits="6"/><line number="88" hits="2"/><line number="89" hits="4"/><line number="90" hits="2"/><line number="94" hits="0"/><line number="95" hits="0"/><line number="99" hits="1"/><line number="100" hits="1"/><line number="101" hits="1"/></lines></class><class name="config" filename="src/domain/models/config.rs" line-rate="1" branch-rate="0" complexity="0"><methods/><lines><line number="36" hits="18"/><line number="37" hits="18"/><line number="41" hits="18"/><line number="43" hits="36"/><line number="44" hits="36"/><line number="45" hits="36"/><line number="46" hits="36"/><line number="47" hits="36"/><line number="48" hits="18"/><line number="49" hits="18"/><line number="67" hits="18"/><line number="68" hits="36"/><line number="71" hits="18"/><line number="72" hits="18"/><line number="76" hits="18"/><line number="78" hits="18"/><line number="79" hits="18"/><line number="101" hits="18"/><line number="102" hits="36"/><line number="105" hits="18"/><line number="106" hits="36"/><line number="109" hits="18"/><line number="110" hits="18"/><line number="114" hits="18"/><line number="116" hits="36"/><line number="117" hits="18"/><line number="118" hits="18"/><line number="136" hits="18"/><line number="137" hits="18"/><line number="140" hits="18"/><line number="141" hits="18"/><line number="145" hits="18"/><line number="147" hits="18"/><line number="148" hits="18"/><line number="170" hits="19"/><line number="171" hits="19"/><line number="174" hits="19"/><line number="175" hits="19"/><line number="178" hits="19"/><line number="179" hits="19"/><line number="183" hits="19"/><line number="185" hits="38"/><line number="186" hits="19"/><line number="187" hits="19"/><line number="224" hits="19"/><line number="225" hits="19"/><line number="228" hits="19"/><line number="229" hits="19"/><line number="233" hits="19"/><line number="235" hits="19"/><line number="236" hits="19"/></lines></class><class name="memory" filename="src/domain/models/memory.rs" line-rate="1" branch-rate="0" complexity="0"><methods/><lines><line number="18" hits="3"/><line number="19" hits="3"/><line number="20" hits="3"/><line number="21" hits="3"/><line number="22" hits="3"/><line number="30" hits="4"/><line number="31" hits="4"/><line number="32" hits="5"/><line number="33" hits="4"/><line number="34" hits="3"/><line number="35" hits="1"/><line number="83" hits="15"/><line number="90" hits="30"/><line number="100" hits="45"/><line number="109" hits="2"/><line number="112" hits="6"/><line number="113" hits="6"/><line number="115" hits="4"/><line number="116" hits="4"/><line number="118" hits="6"/><line number="119" hits="6"/><line number="121" hits="2"/><line number="122" hits="2"/><line number="127" hits="2"/><line number="128" hits="2"/><line number="129" hits="2"/><line number="133" hits="5"/><line number="134" hits="5"/><line number="138" hits="1"/><line number="139" hits="2"/></lines></class><class name="queue" filename="src/domain/models/queue.rs" line-rate="0.9069767441860465" branch-rate="0" complexity="0"><methods/><lines><line number="17" hits="0"/><line number="18" hits="0"/><line number="25" hits="37"/><line number="26" hits="74"/><line number="31" hits="37"/><line number="33" hits="111"/><line number="78" hits="12"/><line number="80" hits="12"/><line number="101" hits="1"/><line number="103" hits="1"/><line number="128" hits="29"/><line number="129" hits="58"/><line number="133" hits="58"/><line number="134" hits="29"/><line number="136" hits="99"/><line number="137" hits="87"/><line number="139" hits="116"/><line number="159" hits="17"/><line number="160" hits="51"/><line number="178" hits="4"/><line number="179" hits="12"/><line number="195" hits="5"/><line number="196" hits="10"/><line number="212" hits="4"/><line number="213" hits="8"/><line number="230" hits="1"/><line number="231" hits="2"/><line number="250" hits="2"/><line number="251" hits="6"/><line number="277" hits="2"/><line number="281" hits="4"/><line number="282" hits="4"/><line number="284" hits="12"/><line number="285" hits="8"/><line number="286" hits="8"/><line number="287" hits="4"/><line number="290" hits="2"/><line number="294" hits="2"/><line number="316" hits="5"/><line number="320" hits="5"/><line number="322" hits="37"/><line number="328" hits="0"/><line number="329" hits="0"/></lines></class><class name="session" filename="src/domain/models/session.rs" line-rate="1" branch-rate="0" complexity="0"><methods/><lines><line number="29" hits="12"/><line number="30" hits="24"/><line number="32" hits="24"/><line number="36" hits="24"/><line number="44" hits="6"/><line number="48" hits="12"/><line number="52" hits="6"/></lines></class><class name="task" filename="src/domain/models/task.rs" line-rate="0.9032258064516129" branch-rate="0" complexity="0"><methods/><lines><line number="23" hits="7"/><line number="24" hits="7"/><line number="25" hits="3"/><line number="26" hits="3"/><line number="27" hits="3"/><line number="28" hits="3"/><line number="29" hits="3"/><line number="30" hits="3"/><line number="31" hits="3"/><line number="39" hits="3"/><line number="40" hits="3"/><line number="41" hits="4"/><line number="42" hits="2"/><line number="43" hits="3"/><line number="44" hits="1"/><line number="45" hits="1"/><line number="46" hits="1"/><line number="47" hits="1"/><line number="48" hits="1"/><line number="64" hits="4"/><line number="65" hits="4"/><line number="66" hits="3"/><line number="67" hits="3"/><line number="68" hits="3"/><line number="69" hits="3"/><line number="77" hits="0"/><line number="78" hits="0"/><line number="79" hits="0"/><line number="80" hits="0"/><line number="81" hits="0"/><line number="82" hits="0"/><line number="83" hits="0"/><line number="97" hits="2"/><line number="98" hits="2"/><line number="99" hits="3"/><line number="100" hits="3"/><line number="108" hits="0"/><line number="109" hits="0"/><line number="110" hits="0"/><line number="111" hits="0"/><line number="112" hits="0"/><line number="153" hits="52"/><line number="154" hits="104"/><line number="156" hits="104"/><line number="159" hits="156"/><line number="189" hits="2"/><line number="190" hits="2"/><line number="191" hits="1"/><line number="193" hits="1"/><line number="197" hits="2"/><line number="198" hits="2"/><line number="199" hits="1"/><line number="201" hits="1"/><line number="209" hits="4"/><line number="210" hits="6"/><line number="211" hits="1"/><line number="212" hits="1"/><line number="213" hits="1"/><line number="217" hits="3"/><line number="218" hits="3"/><line number="219" hits="3"/><line number="223" hits="2"/><line number="224" hits="2"/><line number="225" hits="0"/><line number="226" hits="0"/><line number="227" hits="0"/><line number="231" hits="2"/><line number="232" hits="2"/><line number="233" hits="2"/><line number="237" hits="4"/><line number="238" hits="4"/><line number="239" hits="1"/><line number="240" hits="1"/><line number="241" hits="1"/><line number="245" hits="3"/><line number="246" hits="3"/><line number="247" hits="3"/><line number="248" hits="3"/><line number="252" hits="2"/><line number="253" hits="2"/><line number="254" hits="1"/><line number="255" hits="1"/><line number="256" hits="1"/><line number="260" hits="1"/><line number="261" hits="1"/><line number="262" hits="1"/><line number="263" hits="2"/><line number="264" hits="1"/><line number="268" hits="1"/><line number="269" hits="1"/><line number="270" hits="0"/><line number="271" hits="0"/><line number="272" hits="0"/><line number="276" hits="1"/><line number="277" hits="1"/><line number="278" hits="1"/><line number="279" hits="2"/><line number="280" hits="1"/><line number="284" hits="4"/><line number="285" hits="8"/><line number="286" hits="1"/><line number="287" hits="1"/><line number="288" hits="1"/><line number="292" hits="3"/><line number="293" hits="3"/><line number="294" hits="3"/><line number="295" hits="3"/><line number="299" hits="3"/><line number="300" hits="3"/><line number="301" hits="1"/><line number="302" hits="1"/><line number="303" hits="1"/><line number="307" hits="2"/><line number="308" hits="1"/><line number="309" hits="1"/><line number="310" hits="1"/><line number="314" hits="1"/><line number="315" hits="1"/><line number="316" hits="1"/><line number="317" hits="1"/><line number="318" hits="2"/><line number="319" hits="1"/><line number="320" hits="1"/><line number="328" hits="11"/><line number="329" hits="6"/><line number="330" hits="11"/><line number="336" hits="2"/><line number="337" hits="2"/><line number="341" hits="2"/><line number="342" hits="2"/><line number="346" hits="5"/><line number="347" hits="9"/><line number="351" hits="2"/><line number="352" hits="2"/><line number="356" hits="2"/><line number="357" hits="2"/><line number="361" hits="2"/><line number="362" hits="2"/><line number="366" hits="2"/><line number="367" hits="2"/><line number="375" hits="5"/><line number="377" hits="25"/><line number="381" hits="2"/><line number="382" hits="2"/><line number="383" hits="2"/><line number="387" hits="3"/><line number="388" hits="8"/><line number="389" hits="8"/><line number="390" hits="2"/><line number="391" hits="2"/><line number="392" hits="2"/><line number="393" hits="6"/><line number="398" hits="3"/><line number="399" hits="8"/><line number="400" hits="6"/><line number="401" hits="6"/><line number="406" hits="3"/><line number="407" hits="3"/><line number="409" hits="7"/><line number="413" hits="3"/><line number="414" hits="9"/><line number="418" hits="5"/><line number="419" hits="5"/><line number="421" hits="31"/><line number="425" hits="3"/><line number="429" hits="8"/><line number="430" hits="1"/><line number="433" hits="6"/><line number="434" hits="2"/><line number="436" hits="3"/><line number="437" hits="2"/><line number="438" hits="2"/><line number="439" hits="1"/><line number="440" hits="1"/><line number="441" hits="1"/><line number="442" hits="4"/><line number="443" hits="1"/><line number="444" hits="3"/><line number="447" hits="2"/><line number="451" hits="3"/><line number="452" hits="10"/><line number="456" hits="1"/><line number="462" hits="2"/><line number="463" hits="1"/><line number="464" hits="1"/><line number="465" hits="2"/></lines></class></classes></package></packages></coverage>